This file contains any messages produced by compilers while
running configure, to aid debugging if configure makes a mistake.

It was created by extpar configure 5.3.0, which was
generated by GNU Autoconf 2.69.  Invocation command line was

  $ /hpc/uhome/jhelmert/EXTPAR_GIT/extpar/configure CC=/hpc/sw/gnu/gcc/9.1.0/bin/gcc CFLAGS=-Wall -pedantic -O3 -g CPPFLAGS= FC=/hpc/sw/gnu/gcc/9.1.0/bin/gfortran FCFLAGS=-cpp -Wall -pedantic -fbacktrace -O3 -g -fopenmp -ffree-line-length-256 LDFLAGS= LIBS= BUILD_LIBS=-L/hpc/sw/hdf5/1.10.5/x86/intel/lib -L/hpc/sw/netcdf4/4.7.3/x86/intel/lib -lnetcdf -lnetcdff -lhdf5_hl -lhdf5 --enable-rpaths --enable-openmp --with-netcdf-fortran=/hpc/sw/netcdf4/4.7.3/x86/gnu-9.1.0 --with-netcdf=/hpc/sw/netcdf4/4.7.3/x86/gnu-9.1.0 --with-cdi=bundled

## --------- ##
## Platform. ##
## --------- ##

hostname = rcnl101
uname -m = x86_64
uname -r = 3.10.0-1160.36.2.el7.x86_64
uname -s = Linux
uname -v = #1 SMP Thu Jul 8 02:53:40 UTC 2021

/usr/bin/uname -p = x86_64
/bin/uname -X     = unknown

/bin/arch              = x86_64
/usr/bin/arch -k       = unknown
/usr/convex/getsysinfo = unknown
/usr/bin/hostinfo      = unknown
/bin/machine           = unknown
/usr/bin/oslevel       = unknown
/bin/universe          = unknown

PATH: /hpc/uhome/jhelmert/.local/bin
PATH: .
PATH: /hpc/uhome/jhelmert/bin
PATH: /hpc/sw/R/3.6.2/bin
PATH: /hpc/sw/python/3.8.1/bin
PATH: /hpc/uhome/jhelmert/.local/bin
PATH: /hpc/sw/oracle/instantclient_18_5
PATH: /hpc/sw/netcdf4/4.7.3/x86/intel/bin
PATH: /hpc/sw/hdf5/1.10.5/x86/intel/bin
PATH: /hpc/sw/git-2.25/libexec
PATH: /hpc/sw/git-2.25/bin
PATH: /hpc/rhome/routfor/syscmd
PATH: /hpc/sw/wgrib2/3.1.2/x86/intel/bin
PATH: /hpc/sw/wgrib1/1.8.2.0/x86/gnu/bin
PATH: /hpc/sw/cdo/2.0.5-2/x86/gnu/bin
PATH: /hpc/sw/nec/sbin
PATH: /hpc/sw/libdwd//1.1.7/x86/intel/bin
PATH: /hpc/sw/eccodes/2.28.0/x86/intel/bin
PATH: /hpc/sw/aec/1.0.6/x86/intel/bin
PATH: /hpc/sw/skyClient/opt/dwd/skyClient-12.0.5-0.x86_64/bin
PATH: /hpc/sw/intel/compilers_and_libraries_2020.0.166/linux/bin/intel64
PATH: /hpc/sw/intel/compilers_and_libraries_2020.0.166/linux/bin
PATH: /hpc/sw/intel/compilers_and_libraries_2020.0.166/linux/mpi/intel64/libfabric/bin
PATH: /hpc/sw/intel/compilers_and_libraries_2020.0.166/linux/mpi/intel64/bin
PATH: /hpc/sw/intel/debugger_2020/gdb/intel64/bin
PATH: /hpc/sw/gnu/gcc/9.2.0/bin
PATH: /usr/lib64/qt-3.3/bin
PATH: /usr/condabin
PATH: /usr/local/bin
PATH: /usr/bin
PATH: /usr/local/sbin
PATH: /usr/sbin
PATH: /usr/lpp/mmfs/bin
PATH: /opt/ibutils/bin
PATH: /opt/nec/nqsv/bin
PATH: /opt/nec/nqsv/sbin
PATH: /hpc/rhome/routfor/routfox/bin
PATH: /hpc/rhome/for0adm/nwp/x86/model/bin
PATH: /hpc/rhome/for0adm/nwp/x86/util/bin
PATH: /hpc/rhome/for0adm/nwp/x86/external/bin
PATH: .
PATH: /hpc/uhome/for0exp/ebin
PATH: /hpc/rhome/routfor/routfox/abs
PATH: /hpc/rhome/routfor/routfox/bin
PATH: /hpc/rhome/routfor/routfox/patch


## ----------- ##
## Core tests. ##
## ----------- ##

configure:1978: checking for gcc
configure:2005: result: /hpc/sw/gnu/gcc/9.1.0/bin/gcc
configure:2234: checking for C compiler version
configure:2243: /hpc/sw/gnu/gcc/9.1.0/bin/gcc --version >&5
gcc (GCC) 9.1.0
Copyright (C) 2019 Free Software Foundation, Inc.
This is free software; see the source for copying conditions.  There is NO
warranty; not even for MERCHANTABILITY or FITNESS FOR A PARTICULAR PURPOSE.

configure:2254: $? = 0
configure:2243: /hpc/sw/gnu/gcc/9.1.0/bin/gcc -v >&5
Using built-in specs.
COLLECT_GCC=/hpc/sw/gnu/gcc/9.1.0/bin/gcc
COLLECT_LTO_WRAPPER=/hpc/sw/gnu/gcc/9.1.0/libexec/gcc/x86_64-pc-linux-gnu/9.1.0/lto-wrapper
Target: x86_64-pc-linux-gnu
Configured with: ./configure --prefix=/hpc/sw/gnu/gcc/9.1.0 --with-gmp=/hpc/sw/gnu/gmp/6.2.0 --with-mpc=/hpc/sw/gnu/mpc/1.1.0 --with-mpfr=/hpc/sw/gnu/mpfr/4.0.2
Thread model: posix
gcc version 9.1.0 (GCC) 
configure:2254: $? = 0
configure:2243: /hpc/sw/gnu/gcc/9.1.0/bin/gcc -V >&5
gcc: error: unrecognized command line option '-V'
gcc: fatal error: no input files
compilation terminated.
configure:2254: $? = 1
configure:2243: /hpc/sw/gnu/gcc/9.1.0/bin/gcc -qversion >&5
gcc: error: unrecognized command line option '-qversion'; did you mean '--version'?
gcc: fatal error: no input files
compilation terminated.
configure:2254: $? = 1
configure:2274: checking whether the C compiler works
configure:2296: /hpc/sw/gnu/gcc/9.1.0/bin/gcc -Wall -pedantic -O3 -g   conftest.c  >&5
configure:2300: $? = 0
configure:2348: result: yes
configure:2351: checking for C compiler default output file name
configure:2353: result: a.out
configure:2359: checking for suffix of executables
configure:2366: /hpc/sw/gnu/gcc/9.1.0/bin/gcc -o conftest -Wall -pedantic -O3 -g   conftest.c  >&5
configure:2370: $? = 0
configure:2392: result: 
configure:2414: checking whether we are cross compiling
configure:2422: /hpc/sw/gnu/gcc/9.1.0/bin/gcc -o conftest -Wall -pedantic -O3 -g   conftest.c  >&5
configure:2426: $? = 0
configure:2433: ./conftest
configure:2437: $? = 0
configure:2452: result: no
configure:2457: checking for suffix of object files
configure:2479: /hpc/sw/gnu/gcc/9.1.0/bin/gcc -c -Wall -pedantic -O3 -g  conftest.c >&5
configure:2483: $? = 0
configure:2504: result: o
configure:2508: checking whether we are using the GNU C compiler
configure:2527: /hpc/sw/gnu/gcc/9.1.0/bin/gcc -c -Wall -pedantic -O3 -g  conftest.c >&5
configure:2527: $? = 0
configure:2536: result: yes
configure:2545: checking whether /hpc/sw/gnu/gcc/9.1.0/bin/gcc accepts -g
configure:2565: /hpc/sw/gnu/gcc/9.1.0/bin/gcc -c -g  conftest.c >&5
configure:2565: $? = 0
configure:2606: result: yes
configure:2623: checking for /hpc/sw/gnu/gcc/9.1.0/bin/gcc option to accept ISO C89
configure:2686: /hpc/sw/gnu/gcc/9.1.0/bin/gcc  -c -Wall -pedantic -O3 -g  conftest.c >&5
configure:2686: $? = 0
configure:2699: result: none needed
configure:2732: checking for /hpc/sw/gnu/gcc/9.1.0/bin/gcc option to accept ISO C99
configure:2881: /hpc/sw/gnu/gcc/9.1.0/bin/gcc  -c -Wall -pedantic -O3 -g  conftest.c >&5
conftest.c: In function 'test_varargs':
conftest.c:80:9: warning: variable 'fnumber' set but not used [-Wunused-but-set-variable]
   80 |   float fnumber;
      |         ^~~~~~~
conftest.c:79:7: warning: variable 'number' set but not used [-Wunused-but-set-variable]
   79 |   int number;
      |       ^~~~~~
conftest.c:78:15: warning: variable 'str' set but not used [-Wunused-but-set-variable]
   78 |   const char *str;
      |               ^~~
configure:2881: $? = 0
configure:2894: result: none needed
configure:2916: checking for C compiler vendor
configure:2938: result: gnu
configure:2941: checking for C compiler version
configure:2976: result: 9.1.0
configure:3086: checking for Fortran compiler version
configure:3095: /hpc/sw/gnu/gcc/9.1.0/bin/gfortran --version >&5
GNU Fortran (GCC) 9.1.0
Copyright (C) 2019 Free Software Foundation, Inc.
This is free software; see the source for copying conditions.  There is NO
warranty; not even for MERCHANTABILITY or FITNESS FOR A PARTICULAR PURPOSE.

configure:3106: $? = 0
configure:3095: /hpc/sw/gnu/gcc/9.1.0/bin/gfortran -v >&5
Using built-in specs.
COLLECT_GCC=/hpc/sw/gnu/gcc/9.1.0/bin/gfortran
COLLECT_LTO_WRAPPER=/hpc/sw/gnu/gcc/9.1.0/libexec/gcc/x86_64-pc-linux-gnu/9.1.0/lto-wrapper
Target: x86_64-pc-linux-gnu
Configured with: ./configure --prefix=/hpc/sw/gnu/gcc/9.1.0 --with-gmp=/hpc/sw/gnu/gmp/6.2.0 --with-mpc=/hpc/sw/gnu/mpc/1.1.0 --with-mpfr=/hpc/sw/gnu/mpfr/4.0.2
Thread model: posix
gcc version 9.1.0 (GCC) 
configure:3106: $? = 0
configure:3095: /hpc/sw/gnu/gcc/9.1.0/bin/gfortran -V >&5
gfortran: error: unrecognized command line option '-V'
gfortran: fatal error: no input files
compilation terminated.
configure:3106: $? = 1
configure:3095: /hpc/sw/gnu/gcc/9.1.0/bin/gfortran -qversion >&5
gfortran: error: unrecognized command line option '-qversion'; did you mean '--version'?
gfortran: fatal error: no input files
compilation terminated.
configure:3106: $? = 1
configure:3115: checking whether we are using the GNU Fortran compiler
configure:3128: /hpc/sw/gnu/gcc/9.1.0/bin/gfortran -c -cpp -Wall -pedantic -fbacktrace -O3 -g -fopenmp -ffree-line-length-256  conftest.F >&5
configure:3128: $? = 0
configure:3137: result: yes
configure:3143: checking whether /hpc/sw/gnu/gcc/9.1.0/bin/gfortran accepts -g
configure:3154: /hpc/sw/gnu/gcc/9.1.0/bin/gfortran -c -g  conftest.f >&5
configure:3154: $? = 0
configure:3162: result: yes
configure:3197: checking for Fortran compiler flag needed to compile preprocessed .f90 files
configure:3221: /hpc/sw/gnu/gcc/9.1.0/bin/gfortran -c -cpp -Wall -pedantic -fbacktrace -O3 -g -fopenmp -ffree-line-length-256  conftest.f90 >&5
configure:3221: $? = 0
configure:3230: /hpc/sw/gnu/gcc/9.1.0/bin/gfortran -c -cpp -Wall -pedantic -fbacktrace -O3 -g -fopenmp -ffree-line-length-256  conftest.f90 >&5
conftest.f90:4:2:

    4 |       choke me
      |  1    ~~~~~~~~     
Fatal Error: ac_nonexistent.h: No such file or directory
compilation terminated.
configure:3230: $? = 1
configure: failed program was:
|       program main
| #if 1
| #include <ac_nonexistent.h>
|       choke me
| #endif
|       end
configure:3248: result: none needed
configure:3267: checking for Fortran compiler vendor
configure:3287: result: gnu
configure:3292: checking for Fortran compiler version
configure:3319: result: 9.1.0
configure:3326: checking for Fortran compiler module file naming template
configure:3342: /hpc/sw/gnu/gcc/9.1.0/bin/gfortran -c -cpp -Wall -pedantic -fbacktrace -O3 -g -fopenmp -ffree-line-length-256  conftest.f90 >&5
configure:3342: $? = 0
configure:3375: result: name.mod
configure:3384: checking for Fortran compiler flag needed to specify search paths for module files
configure:3401: /hpc/sw/gnu/gcc/9.1.0/bin/gfortran -c -cpp -Wall -pedantic -fbacktrace -O3 -g -fopenmp -ffree-line-length-256  conftest.f90 >&5
configure:3401: $? = 0
configure:3413: /hpc/sw/gnu/gcc/9.1.0/bin/gfortran -c -cpp -Wall -pedantic -fbacktrace -O3 -g -fopenmp -ffree-line-length-256 -Mconftest.dir -Mconftest.dir  conftest.f90 >&5
gfortran: error: unrecognized command line option '-Mconftest.dir'
gfortran: error: unrecognized command line option '-Mconftest.dir'
configure:3413: $? = 1
configure: failed program was:
|       program main
|       use conftest_module, only : conftest_routine
|       implicit none
|       call conftest_routine()
|       end
configure:3413: /hpc/sw/gnu/gcc/9.1.0/bin/gfortran -c -cpp -Wall -pedantic -fbacktrace -O3 -g -fopenmp -ffree-line-length-256 -Iconftest.dir -Iconftest.dir  conftest.f90 >&5
configure:3413: $? = 0
configure:3425: result: -I
configure:3436: checking for Fortran compiler flag needed to specify output path for module files
configure:3464: /hpc/sw/gnu/gcc/9.1.0/bin/gfortran -c -Jsub -cpp -Wall -pedantic -fbacktrace -O3 -g -fopenmp -ffree-line-length-256  conftest.f90 >&5
configure:3464: $? = 0
configure:3466: /hpc/sw/gnu/gcc/9.1.0/bin/gfortran -c -Jsub -cpp -Wall -pedantic -fbacktrace -O3 -g -fopenmp -ffree-line-length-256  conftest.f90 >&5
f951: Warning: Nonexistent include directory 'sub' [-Wmissing-include-dirs]
configure:3466: $? = 0
configure:3479: result: -J
configure:3491: checking for Fortran compiler flag needed to specify search paths for the "INCLUDE" statement
configure:3511: /hpc/sw/gnu/gcc/9.1.0/bin/gfortran -o conftest -cpp -Wall -pedantic -fbacktrace -O3 -g -fopenmp -ffree-line-length-256 -Iconftest.dir   conftest.f90  >&5
configure:3511: $? = 0
configure:3522: result: -I
configure:3534: checking for Fortran compiler search path order for the "INCLUDE" statement
configure:3570: /hpc/sw/gnu/gcc/9.1.0/bin/gfortran -o conftest -cpp -Wall -pedantic -fbacktrace -O3 -g -fopenmp -ffree-line-length-256 -I../src/inc -I../src/inc2   ../src/conftest.f90  >&5
configure:3570: $? = 0
configure:3570: /hpc/sw/gnu/gcc/9.1.0/bin/gfortran -o conftest -cpp -Wall -pedantic -fbacktrace -O3 -g -fopenmp -ffree-line-length-256 -I../src/inc -I../src/inc2   ../src/conftest.f90  >&5
configure:3570: $? = 0
configure:3570: /hpc/sw/gnu/gcc/9.1.0/bin/gfortran -o conftest -cpp -Wall -pedantic -fbacktrace -O3 -g -fopenmp -ffree-line-length-256 -I../src/inc -I../src/inc2   ../src/conftest.f90  >&5
conftest.inc:1: Error: Can't open included file 'conftest.write'
configure:3570: $? = 1
configure: failed program was:
|       program main
|       include "conftest.inc"
| 
|       end
configure:3609: result: src,flg
configure:3620: checking for Fortran compiler flag needed to specify search paths for the quoted form of the "#include" directive
configure:3640: /hpc/sw/gnu/gcc/9.1.0/bin/gfortran -o conftest -cpp -Wall -pedantic -fbacktrace -O3 -g -fopenmp -ffree-line-length-256 -Iconftest.dir   conftest.f90  >&5
configure:3640: $? = 0
configure:3651: result: -I
configure:3663: checking for Fortran compiler search path order for the quoted form of the "#include" directive
configure:3699: /hpc/sw/gnu/gcc/9.1.0/bin/gfortran -o conftest -cpp -Wall -pedantic -fbacktrace -O3 -g -fopenmp -ffree-line-length-256 -I../src/inc -I../src/inc2   ../src/conftest.f90  >&5
configure:3699: $? = 0
configure:3699: /hpc/sw/gnu/gcc/9.1.0/bin/gfortran -o conftest -cpp -Wall -pedantic -fbacktrace -O3 -g -fopenmp -ffree-line-length-256 -I../src/inc -I../src/inc2   ../src/conftest.f90  >&5
configure:3699: $? = 0
configure:3699: /hpc/sw/gnu/gcc/9.1.0/bin/gfortran -o conftest -cpp -Wall -pedantic -fbacktrace -O3 -g -fopenmp -ffree-line-length-256 -I../src/inc -I../src/inc2   ../src/conftest.f90  >&5
../src/inc2/conftest.inc:2:2:

    2 | 
      |  1               
Fatal Error: conftest.write: No such file or directory
compilation terminated.
configure:3699: $? = 1
configure: failed program was:
|       program main
| #include "conftest.inc"
| 
|       end
configure:3738: result: inc,flg
configure:3749: checking for Fortran compiler flag needed to define a preprocessor macro
configure:3768: /hpc/sw/gnu/gcc/9.1.0/bin/gfortran -c -cpp -Wall -pedantic -fbacktrace -O3 -g -fopenmp -ffree-line-length-256 -DCONFTEST_ONE -DCONFTEST_TWO=42  conftest.f90 >&5
configure:3768: $? = 0
configure:3777: result: -D
configure:3826: checking for Fortran compiler flag needed to add a directory to the runtime library search path
configure:3838: result: -Wl,-rpath -Wl,
configure:3864: checking whether Fortran compiler accepts the automatically generated RPATH flags
configure:3873: /hpc/sw/gnu/gcc/9.1.0/bin/gfortran -o conftest -cpp -Wall -pedantic -fbacktrace -O3 -g -fopenmp -ffree-line-length-256    conftest.f90  >&5
configure:3873: $? = 0
configure:3879: result: yes
configure:3900: checking for Fortran compiler flag needed to enable OpenMP support
configure:3922: /hpc/sw/gnu/gcc/9.1.0/bin/gfortran -o conftest -cpp -Wall -pedantic -fbacktrace -O3 -g -fopenmp -ffree-line-length-256    conftest.f90  >&5
configure:3922: $? = 0
configure:3937: result: none needed
configure:3947: checking for the value of the Fortran preprocessor macro _OPENMP
configure:3992: /hpc/sw/gnu/gcc/9.1.0/bin/gfortran -o conftest -cpp -Wall -pedantic -fbacktrace -O3 -g -fopenmp -ffree-line-length-256    conftest.f90  >&5
configure:3992: $? = 0
configure:4021: result: 201511
configure:4103: checking for Fortran module NETCDF
configure:4113: /hpc/sw/gnu/gcc/9.1.0/bin/gfortran -c -I/hpc/sw/netcdf4/4.7.3/x86/gnu-9.1.0/include -cpp -Wall -pedantic -fbacktrace -O3 -g -fopenmp -ffree-line-length-256   conftest.f90 >&5
configure:4113: $? = 0
configure:4120: result: yes
configure:4124: checking for linker flags enabling Fortran function NF90_OPEN
configure:4146: /hpc/sw/gnu/gcc/9.1.0/bin/gfortran -o conftest -I/hpc/sw/netcdf4/4.7.3/x86/gnu-9.1.0/include -cpp -Wall -pedantic -fbacktrace -O3 -g -fopenmp -ffree-line-length-256    conftest.f90   >&5
/hpc/gtmp/jhelmert/.jtmp.rcnl101.20230620.074602.3342395/cc6RefSW.o: In function `MAIN__':
/hpc/uhome/jhelmert/EXTPAR_GIT/extpar/build/conftest.f90:5: undefined reference to `__netcdf_MOD_nf90_open'
collect2: error: ld returned 1 exit status
configure:4146: $? = 1
configure: failed program was:
|       program main
|       use netcdf, only: nf90_open, NF90_NOWRITE
|       implicit none
|       integer :: status, ncid
|       status = nf90_open('conftest.nc', NF90_NOWRITE, ncid)
|       end
configure:4146: /hpc/sw/gnu/gcc/9.1.0/bin/gfortran -o conftest -I/hpc/sw/netcdf4/4.7.3/x86/gnu-9.1.0/include -cpp -Wall -pedantic -fbacktrace -O3 -g -fopenmp -ffree-line-length-256    conftest.f90 -L/hpc/sw/netcdf4/4.7.3/x86/gnu-9.1.0/lib -Wl,-rpath -Wl,/hpc/sw/netcdf4/4.7.3/x86/gnu-9.1.0/lib -lnetcdff  >&5
configure:4146: $? = 0
configure:4161: result: -L/hpc/sw/netcdf4/4.7.3/x86/gnu-9.1.0/lib -Wl,-rpath -Wl,/hpc/sw/netcdf4/4.7.3/x86/gnu-9.1.0/lib -lnetcdff
configure:4414: checking for python
configure:4432: python /hpc/uhome/jhelmert/EXTPAR_GIT/extpar/mkhelper/depgen.py -h >&5
usage: depgen.py [-h] [--input INPUT [INPUT ...]] [--output OUTPUT [OUTPUT ...]] [--debug] [--src-name SRC_NAME [SRC_NAME ...]] [--obj-name OBJ_NAME [OBJ_NAME ...]] [--dep-name DEP_NAME [DEP_NAME ...]]
                 [--src-roots SRC_ROOTS] [--lc-enable] [--pp-enable] [--pp-eval-expr] [--pp-inc-sys] [--pp-inc-order ORDER_LIST] [--pp-inc-sys-order ORDER_LIST] [--pp-macro-flag PP_MACRO_FLAG]
                 [--pp-inc-flag PP_INC_FLAG] [--fc-enable] [--fc-mod-ext FC_MOD_EXT] [--fc-mod-upper {yes,no}] [--fc-inc-order ORDER_LIST] [--fc-intrinsic-mods INTRINSIC_MODS_LIST]
                 [--fc-external-mods EXTERNAL_MODS_LIST] [--fc-mod-dir-flag FC_MOD_DIR_FLAG] [--fc-inc-flag FC_INC_FLAG]
                 [-- [$CPPFLAGS | $FCFLAGS]]

Generates OUTPUT makefile containing dependency rules for the INPUT source file. Recognizes preprocessor `#include`, `#if` and associated directives as well as Fortran `INCLUDE`, `USE` and `MODULE`
statements.

positional arguments:
  -- [$CPPFLAGS | $FCFLAGS]
                        actual flags to be used in compilation, i.e. $(CPPFLAGS) or $(FCFLAGS), must be given at the end of the command line following the double dash separator (--); the program searches
                        these flags for (possibly multiple instances of) PP_INC_FLAG, PP_MACRO_FLAG, FC_INC_FLAG and FC_MOD_DIR_FLAG; any values found are used in the dependency generation (in the case of
                        FC_MOD_DIR_FLAG, only the last value found is used)

optional arguments:
  -h, --help            show this help message and exit
  --input INPUT [INPUT ...], -i INPUT [INPUT ...]
                        input source file; if not specified, the program reads from the standard input stream
  --output OUTPUT [OUTPUT ...], -o OUTPUT [OUTPUT ...]
                        output makefile with generated dependency rules; if not specified, the program writes to the standard output stream
  --debug, -d           dump debug information to OUTPUT (commented with `#`)
  --src-name SRC_NAME [SRC_NAME ...]
                        name of the source file, the prerequisite of the corresponding compilation rule as it will appear in the OUTPUT; normally (and by default) equals to the INPUT or to an empty string
                        when the latter is set to the standard input stream
  --obj-name OBJ_NAME [OBJ_NAME ...]
                        name of the object file, the target of the corresponding compilation rule as it will appear in the OUTPUT; normally equals to the path to the object file that is supposed to be
                        generated as a result of compilation (default: SRC_NAME without the directory-part and the file extension replaced with `.o`)
  --dep-name DEP_NAME [DEP_NAME ...]
                        name of the generated makefile, the additional target of the corresponding compilation rule (for automatic dependency generation) as it will appear in the OUTPUT; normally (and by
                        default) equals to the OUTPUT or to an empty string when the latter is set to the standard output stream)
  --src-roots SRC_ROOTS
                        colon-separated list of paths to directories; if specified and not empty, dependencies on files that do not reside in one of the specified directories will be ignored; applies only to
                        files included using the preprocessor `#include` directive or the Fortran `INCLUDE` statement
  --lc-enable           enable recognition of the preprocessor line control directives and generation of additional dependencies based on the detected filenames

preprocessor arguments:
  --pp-enable           enable the preprocessing stage; if disabled (default), all arguments of this argument group are ignored
  --pp-eval-expr        enable evaluation of expressions that appear in preprocessor directives `#if` and `#elif` (does not apply to `#ifdef` and `#ifndef`, which are always evaluated); if disabled (default)
                        or evaluation fails, both branches of the directives are included by the preprocessing stage
  --pp-inc-sys          enable recognition of dependencies specified with the angle-bracket form of the preprocessor `#include` directive (i.e. `#include <filename>`); the constraint set by SRC_ROOTS applies
  --pp-inc-order ORDER_LIST
                        directory search order of files included using the quoted form of the preprocessor `#include` directive (i.e. `#include "filename"`) ; ORDER_LIST is an ordered comma-separated list of
                        keywords, the corresponding search paths of which are to be searched in the given order. The recognized keywords are: `cwd` (for the current working directory), `flg` (for the
                        directories specified with PP_INC_FLAG compiler flag), `src` (for the directory containing the INPUT source file), and `inc` (for the directory containing the file with the `#include`
                        directive). Default: `inc,flg`.
  --pp-inc-sys-order ORDER_LIST
                        equivalent to the `--pp-inc-order` argument, only for the angle-bracket form of the preprocessor `#include` directive (i.e. `#include <filename>`, default: `flg`)
  --pp-macro-flag PP_MACRO_FLAG
                        preprocessor flag used for macro definition; only flags that start with a single dash (-) and have no more than one trailing whitespace are supported (default: `-D`)
  --pp-inc-flag PP_INC_FLAG
                        preprocessor flag used for setting search paths for the `#include` directive; only flags that start with a single dash (-) and have no more than one trailing whitespace are supported
                        (default: `-I`)

Fortran arguments:
  --fc-enable           enable recognition of Fortran dependencies specified with `INCLUDE`, `USE` and `MODULE` statements; if disabled (default),all arguments of this argument group are ignored
  --fc-mod-ext FC_MOD_EXT
                        filename extension (without leading dot) of compiler-generated Fortran module files (default: `mod`)
  --fc-mod-upper {yes,no}
                        whether Fortran compiler-generated module files have uppercase names (default: `no`)
  --fc-inc-order ORDER_LIST
                        equivalent to the `--pp-inc-order` argument, only for the Fortran `INCLUDE` statement and FC_INC_FLAG (default: `src,flg`)
  --fc-intrinsic-mods INTRINSIC_MODS_LIST
                        comma-separated list of Fortran intrinsic modules. Fortran modules that are explicitly specified as intrinsic in the source file (i.e. `USE, INTRINSIC :: MODULENAME`) are ignored
                        regardless of whether they are mentioned on the INTRINSIC_MODS_LIST. Fortran modules that are mentioned on the INTRINSIC_MODS_LIST are ignored only when their nature is not specified
                        in the source file at all (i.e. `USE :: MODULENAME`). Fortran modules that need to be ignored unconditionally must be put on the EXTERNAL_MODS_LIST (see `--fc-external-mods`).
                        Default: `iso_c_binding,iso_fortran_env,ieee_exceptions,ieee_arithmetic,ieee_features,omp_lib,omp_lib_kinds,openacc`.
  --fc-external-mods EXTERNAL_MODS_LIST
                        comma-separated list of external (to the project) Fortran modules that need to be unconditionally ignored when generating dependency rules (see also `--fc-intrinsic-mods`)
  --fc-mod-dir-flag FC_MOD_DIR_FLAG
                        Fortran compiler flag used to specify the directory where module files are saved; only flags that start with a single dash (-) and have no more than one trailing whitespace are
                        supported (default: `-J`)
  --fc-inc-flag FC_INC_FLAG
                        preprocessor flag used for setting search paths for the Fortran `INCLUDE` statement; only flags that start with a single dash (-) and have no more than one trailing whitespace are
                        supported (default: `-I`)
configure:4436: $? = 0
configure:4446: result: python
configure:4459: checking whether ln -s works
configure:4463: result: yes
configure:4484: checking for a BSD-compatible install
configure:4552: result: /usr/bin/install -c
configure:4563: checking for a thread-safe mkdir -p
configure:4602: result: /usr/bin/mkdir -p
configure:4733: === configuring in bundled/cdi (/hpc/uhome/jhelmert/EXTPAR_GIT/extpar/build/bundled/cdi)
configure:4805: running /bin/sh /hpc/uhome/jhelmert/EXTPAR_GIT/extpar/bundled/cdi/configure  'CC=/hpc/sw/gnu/gcc/9.1.0/bin/gcc' 'CFLAGS=-Wall -pedantic -O3 -g' 'CPPFLAGS=' 'FC=/hpc/sw/gnu/gcc/9.1.0/bin/gfortran' 'FCFLAGS=-cpp -Wall -pedantic -fbacktrace -O3 -g -fopenmp -ffree-line-length-256' 'BUILD_LIBS=-L/hpc/sw/hdf5/1.10.5/x86/intel/lib -L/hpc/sw/netcdf4/4.7.3/x86/intel/lib -lnetcdf -lnetcdff -lhdf5_hl -lhdf5' '--enable-rpaths' '--enable-openmp' '--with-netcdf-fortran=/hpc/sw/netcdf4/4.7.3/x86/gnu-9.1.0' '--with-netcdf=/hpc/sw/netcdf4/4.7.3/x86/gnu-9.1.0' '--with-cdi=bundled' '--enable-static' '--disable-shared' '--disable-maintainer-mode' '--enable-silent-rules=no' '--enable-iso-c-interface' '--disable-cf-interface' '--disable-cdi-app' 'acx_cv_have_nc4hdf5=no' 'F77=no' 'CXX=no' 'LDFLAGS=' 'LIBS=' '--cache-file=/dev/null' '--srcdir=/hpc/uhome/jhelmert/EXTPAR_GIT/extpar/bundled/cdi' '--prefix=/usr/local' '--disable-option-checking'
configure:4813: ===

## ---------------------- ##
## Running config.status. ##
## ---------------------- ##

This file was extended by cdi config.status 1.9.8, which was
generated by GNU Autoconf 2.69.  Invocation command line was

  CONFIG_FILES    = 
  CONFIG_HEADERS  = 
  CONFIG_LINKS    = 
  CONFIG_COMMANDS = 
  $ bundled/cdi/config.status -q --file=-

on rcnl101


## ---------------------- ##
## Running config.status. ##
## ---------------------- ##

This file was extended by cdi config.status 1.9.8, which was
generated by GNU Autoconf 2.69.  Invocation command line was

  CONFIG_FILES    = 
  CONFIG_HEADERS  = 
  CONFIG_LINKS    = 
  CONFIG_COMMANDS = 
  $ bundled/cdi/config.status -q --file=-

on rcnl101


## ---------------------- ##
## Running config.status. ##
## ---------------------- ##

This file was extended by cdi config.status 1.9.8, which was
generated by GNU Autoconf 2.69.  Invocation command line was

  CONFIG_FILES    = 
  CONFIG_HEADERS  = 
  CONFIG_LINKS    = 
  CONFIG_COMMANDS = 
  $ bundled/cdi/config.status -q --file=-

on rcnl101

configure:4871: creating ./config.status

## ---------------------- ##
## Running config.status. ##
## ---------------------- ##

This file was extended by extpar config.status 5.3.0, which was
generated by GNU Autoconf 2.69.  Invocation command line was

  CONFIG_FILES    = 
  CONFIG_HEADERS  = 
  CONFIG_LINKS    = 
  CONFIG_COMMANDS = 
  $ ./config.status 

on rcnl101

config.status:825: creating Makefile
config.status:825: creating src/config.h
config.status:1005: executing depfiles commands

## ---------------- ##
## Cache variables. ##
## ---------------- ##

ac_cv_c_compiler_gnu=yes
ac_cv_env_CC_set=set
ac_cv_env_CC_value=/hpc/sw/gnu/gcc/9.1.0/bin/gcc
ac_cv_env_CDI_FCFLAGS_set=
ac_cv_env_CDI_FCFLAGS_value=
ac_cv_env_CDI_FCLIBS_set=
ac_cv_env_CDI_FCLIBS_value=
ac_cv_env_CFLAGS_set=set
ac_cv_env_CFLAGS_value='-Wall -pedantic -O3 -g'
ac_cv_env_CPPFLAGS_set=set
ac_cv_env_CPPFLAGS_value=
ac_cv_env_FCFLAGS_set=set
ac_cv_env_FCFLAGS_value='-cpp -Wall -pedantic -fbacktrace -O3 -g -fopenmp -ffree-line-length-256'
ac_cv_env_FC_set=set
ac_cv_env_FC_value=/hpc/sw/gnu/gcc/9.1.0/bin/gfortran
ac_cv_env_LDFLAGS_set=set
ac_cv_env_LDFLAGS_value=
ac_cv_env_LIBS_set=set
ac_cv_env_LIBS_value=
ac_cv_env_NETCDF_FCFLAGS_set=
ac_cv_env_NETCDF_FCFLAGS_value=
ac_cv_env_NETCDF_FCLIBS_set=
ac_cv_env_NETCDF_FCLIBS_value=
ac_cv_env_PYTHON_set=
ac_cv_env_PYTHON_value=
ac_cv_env_build_alias_set=
ac_cv_env_build_alias_value=
ac_cv_env_host_alias_set=
ac_cv_env_host_alias_value=
ac_cv_env_target_alias_set=
ac_cv_env_target_alias_value=
ac_cv_fc_compiler_gnu=yes
ac_cv_objext=o
ac_cv_path_install='/usr/bin/install -c'
ac_cv_path_mkdir=/usr/bin/mkdir
ac_cv_prog_ac_ct_CC=/hpc/sw/gnu/gcc/9.1.0/bin/gcc
ac_cv_prog_cc_c89=
ac_cv_prog_cc_c99=
ac_cv_prog_cc_g=yes
ac_cv_prog_fc_g=yes
acx_cv_c_compiler_vendor=gnu
acx_cv_c_compiler_version=9.1.0
acx_cv_fc_compiler_vendor=gnu
acx_cv_fc_compiler_version=9.1.0
acx_cv_fc_ftn_include_flag=-I
acx_cv_fc_ftn_include_order=src,flg
acx_cv_fc_lib_func_NF90_OPEN='-L/hpc/sw/netcdf4/4.7.3/x86/gnu-9.1.0/lib -Wl,-rpath -Wl,/hpc/sw/netcdf4/4.7.3/x86/gnu-9.1.0/lib -lnetcdff'
acx_cv_fc_macro__OPENMP_value=201511
acx_cv_fc_macro_flag=-D
acx_cv_fc_module_NETCDF=yes
acx_cv_fc_module_in_flag=-I
acx_cv_fc_module_naming_ext=mod
acx_cv_fc_module_naming_upper=no
acx_cv_fc_module_out_flag=-J
acx_cv_fc_openmp_flag=
acx_cv_fc_pp_include_flag=-I
acx_cv_fc_pp_include_order=inc,flg
acx_cv_fc_pp_srcext_f90=
acx_cv_fc_rpath_flag='-Wl,-rpath -Wl,'
acx_cv_prog_PYTHON=python

## ----------------- ##
## Output variables. ##
## ----------------- ##

BUNDLED_FCFLAGS='-Ibundled/cdi/src '
BUNDLED_LIBFILES='bundled/cdi/src/.libs/libcdi_f2003.a bundled/cdi/src/.libs/libcdi.a '
CC='/hpc/sw/gnu/gcc/9.1.0/bin/gcc'
CDI_FCFLAGS=''
CDI_FCLIBS=''
CFLAGS='-Wall -pedantic -O3 -g'
CPPFLAGS=''
DEFAULT_VERBOSITY='1'
DEFS='-DHAVE_CONFIG_H'
DEPGEN_FCFLAGS=' -D_OPENMP=201511'
ECHO_C=''
ECHO_N='-n'
ECHO_T=''
EXEEXT=''
FC='/hpc/sw/gnu/gcc/9.1.0/bin/gfortran'
FCDEF_PP='-D'
FCFLAGS='-cpp -Wall -pedantic -fbacktrace -O3 -g -fopenmp -ffree-line-length-256 '
FCFLAGS_f90=''
FCINCFLAG='-I'
FCINCFLAG_PP='-I'
FCINCORDER='src,flg'
FCINCORDER_PP='inc,flg'
FCMODEXT='mod'
FCMODINC='-I'
FCMODOUT='-J'
FCMODUC='no'
FC_VENDOR='gnu'
FC_VERSION='9.1.0'
INSTALL_DATA='${INSTALL} -m 644'
INSTALL_PROGRAM='${INSTALL}'
INSTALL_SCRIPT='${INSTALL}'
LDFLAGS='-L/hpc/sw/netcdf4/4.7.3/x86/gnu-9.1.0/lib  -pthread'
LIBOBJS=''
LIBS='-lnetcdf  -lm  -luuid -L/hpc/sw/hdf5/1.10.5/x86/intel/lib -L/hpc/sw/netcdf4/4.7.3/x86/intel/lib -lnetcdf -lnetcdff -lhdf5_hl -lhdf5'
LN_S='ln -s'
LTLIBOBJS=''
MKDIR_P='/usr/bin/mkdir -p'
NETCDF_FCFLAGS='-I/hpc/sw/netcdf4/4.7.3/x86/gnu-9.1.0/include'
NETCDF_FCLIBS='-L/hpc/sw/netcdf4/4.7.3/x86/gnu-9.1.0/lib -Wl,-rpath -Wl,/hpc/sw/netcdf4/4.7.3/x86/gnu-9.1.0/lib -lnetcdff'
OBJEXT='o'
PACKAGE_BUGREPORT=''
PACKAGE_NAME='extpar'
PACKAGE_STRING='extpar 5.3.0'
PACKAGE_TARNAME='extpar'
PACKAGE_URL=''
PACKAGE_VERSION='5.3.0'
PATH_SEPARATOR=':'
PYTHON='python'
RPATH_LDFLAGS='-Wl,-rpath -Wl,/hpc/sw/netcdf4/4.7.3/x86/gnu-9.1.0/lib -Wl,-rpath -Wl,/hpc/sw/hdf5/1.10.5/x86/intel/lib -Wl,-rpath -Wl,/hpc/sw/netcdf4/4.7.3/x86/intel/lib'
SHELL='/bin/sh'
ac_ct_CC='/hpc/sw/gnu/gcc/9.1.0/bin/gcc'
ac_ct_FC=''
bindir='${exec_prefix}/bin'
build_alias=''
datadir='${datarootdir}'
datarootdir='${prefix}/share'
docdir='${datarootdir}/doc/${PACKAGE_TARNAME}'
dvidir='${docdir}'
exec_prefix='${prefix}'
host_alias=''
htmldir='${docdir}'
includedir='${prefix}/include'
infodir='${datarootdir}/info'
libdir='${exec_prefix}/lib'
libexecdir='${exec_prefix}/libexec'
localedir='${datarootdir}/locale'
localstatedir='${prefix}/var'
mandir='${datarootdir}/man'
oldincludedir='/usr/include'
pdfdir='${docdir}'
prefix='/usr/local'
program_transform_name='s,x,x,'
psdir='${docdir}'
runstatedir='${localstatedir}/run'
sbindir='${exec_prefix}/sbin'
sharedstatedir='${prefix}/com'
subdirs_extra='bundled/cdi'
sysconfdir='${prefix}/etc'
target_alias=''

## ----------- ##
## confdefs.h. ##
## ----------- ##

/* confdefs.h */
#define PACKAGE_NAME "extpar"
#define PACKAGE_TARNAME "extpar"
#define PACKAGE_VERSION "5.3.0"
#define PACKAGE_STRING "extpar 5.3.0"
#define PACKAGE_BUGREPORT ""
#define PACKAGE_URL ""

configure: exit 0
