gmake[1]: Entering directory `/hpc/uhome/jhelmert/EXTPAR_GIT/extpar/build/bundled/cdi'
Making all in src
gmake[2]: Entering directory `/hpc/uhome/jhelmert/EXTPAR_GIT/extpar/build/bundled/cdi/src'
gmake  all-am
gmake[3]: Entering directory `/hpc/uhome/jhelmert/EXTPAR_GIT/extpar/build/bundled/cdi/src'
/bin/sh ../libtool  --tag=CC   --mode=compile /hpc/sw/gnu/gcc/9.1.0/bin/gcc -DHAVE_CONFIG_H -I. -I/hpc/uhome/jhelmert/EXTPAR_GIT/extpar/bundled/cdi/src   -I/hpc/sw/netcdf4/4.7.3/x86/gnu-9.1.0/include      -Wall -pedantic -O3 -g -pthread -MT async_worker.lo -MD -MP -MF .deps/async_worker.Tpo -c -o async_worker.lo /hpc/uhome/jhelmert/EXTPAR_GIT/extpar/bundled/cdi/src/async_worker.c
libtool: compile:  /hpc/sw/gnu/gcc/9.1.0/bin/gcc -DHAVE_CONFIG_H -I. -I/hpc/uhome/jhelmert/EXTPAR_GIT/extpar/bundled/cdi/src -I/hpc/sw/netcdf4/4.7.3/x86/gnu-9.1.0/include -Wall -pedantic -O3 -g -pthread -MT async_worker.lo -MD -MP -MF .deps/async_worker.Tpo -c /hpc/uhome/jhelmert/EXTPAR_GIT/extpar/bundled/cdi/src/async_worker.c  -fPIC -DPIC -o async_worker.o
mv -f .deps/async_worker.Tpo .deps/async_worker.Plo
/bin/sh ../libtool  --tag=CC   --mode=compile /hpc/sw/gnu/gcc/9.1.0/bin/gcc -DHAVE_CONFIG_H -I. -I/hpc/uhome/jhelmert/EXTPAR_GIT/extpar/bundled/cdi/src   -I/hpc/sw/netcdf4/4.7.3/x86/gnu-9.1.0/include      -Wall -pedantic -O3 -g -pthread -MT basetime.lo -MD -MP -MF .deps/basetime.Tpo -c -o basetime.lo /hpc/uhome/jhelmert/EXTPAR_GIT/extpar/bundled/cdi/src/basetime.c
libtool: compile:  /hpc/sw/gnu/gcc/9.1.0/bin/gcc -DHAVE_CONFIG_H -I. -I/hpc/uhome/jhelmert/EXTPAR_GIT/extpar/bundled/cdi/src -I/hpc/sw/netcdf4/4.7.3/x86/gnu-9.1.0/include -Wall -pedantic -O3 -g -pthread -MT basetime.lo -MD -MP -MF .deps/basetime.Tpo -c /hpc/uhome/jhelmert/EXTPAR_GIT/extpar/bundled/cdi/src/basetime.c  -fPIC -DPIC -o basetime.o
mv -f .deps/basetime.Tpo .deps/basetime.Plo
/bin/sh ../libtool  --tag=CC   --mode=compile /hpc/sw/gnu/gcc/9.1.0/bin/gcc -DHAVE_CONFIG_H -I. -I/hpc/uhome/jhelmert/EXTPAR_GIT/extpar/bundled/cdi/src   -I/hpc/sw/netcdf4/4.7.3/x86/gnu-9.1.0/include      -Wall -pedantic -O3 -g -pthread -MT binary.lo -MD -MP -MF .deps/binary.Tpo -c -o binary.lo /hpc/uhome/jhelmert/EXTPAR_GIT/extpar/bundled/cdi/src/binary.c
libtool: compile:  /hpc/sw/gnu/gcc/9.1.0/bin/gcc -DHAVE_CONFIG_H -I. -I/hpc/uhome/jhelmert/EXTPAR_GIT/extpar/bundled/cdi/src -I/hpc/sw/netcdf4/4.7.3/x86/gnu-9.1.0/include -Wall -pedantic -O3 -g -pthread -MT binary.lo -MD -MP -MF .deps/binary.Tpo -c /hpc/uhome/jhelmert/EXTPAR_GIT/extpar/bundled/cdi/src/binary.c  -fPIC -DPIC -o binary.o
mv -f .deps/binary.Tpo .deps/binary.Plo
/bin/sh ../libtool  --tag=CC   --mode=compile /hpc/sw/gnu/gcc/9.1.0/bin/gcc -DHAVE_CONFIG_H -I. -I/hpc/uhome/jhelmert/EXTPAR_GIT/extpar/bundled/cdi/src   -I/hpc/sw/netcdf4/4.7.3/x86/gnu-9.1.0/include      -Wall -pedantic -O3 -g -pthread -MT calendar.lo -MD -MP -MF .deps/calendar.Tpo -c -o calendar.lo /hpc/uhome/jhelmert/EXTPAR_GIT/extpar/bundled/cdi/src/calendar.c
libtool: compile:  /hpc/sw/gnu/gcc/9.1.0/bin/gcc -DHAVE_CONFIG_H -I. -I/hpc/uhome/jhelmert/EXTPAR_GIT/extpar/bundled/cdi/src -I/hpc/sw/netcdf4/4.7.3/x86/gnu-9.1.0/include -Wall -pedantic -O3 -g -pthread -MT calendar.lo -MD -MP -MF .deps/calendar.Tpo -c /hpc/uhome/jhelmert/EXTPAR_GIT/extpar/bundled/cdi/src/calendar.c  -fPIC -DPIC -o calendar.o
mv -f .deps/calendar.Tpo .deps/calendar.Plo
/bin/sh ../libtool  --tag=CC   --mode=compile /hpc/sw/gnu/gcc/9.1.0/bin/gcc -DHAVE_CONFIG_H -I. -I/hpc/uhome/jhelmert/EXTPAR_GIT/extpar/bundled/cdi/src   -I/hpc/sw/netcdf4/4.7.3/x86/gnu-9.1.0/include      -Wall -pedantic -O3 -g -pthread -MT cdf.lo -MD -MP -MF .deps/cdf.Tpo -c -o cdf.lo /hpc/uhome/jhelmert/EXTPAR_GIT/extpar/bundled/cdi/src/cdf.c
libtool: compile:  /hpc/sw/gnu/gcc/9.1.0/bin/gcc -DHAVE_CONFIG_H -I. -I/hpc/uhome/jhelmert/EXTPAR_GIT/extpar/bundled/cdi/src -I/hpc/sw/netcdf4/4.7.3/x86/gnu-9.1.0/include -Wall -pedantic -O3 -g -pthread -MT cdf.lo -MD -MP -MF .deps/cdf.Tpo -c /hpc/uhome/jhelmert/EXTPAR_GIT/extpar/bundled/cdi/src/cdf.c  -fPIC -DPIC -o cdf.o
mv -f .deps/cdf.Tpo .deps/cdf.Plo
/bin/sh ../libtool  --tag=CC   --mode=compile /hpc/sw/gnu/gcc/9.1.0/bin/gcc -DHAVE_CONFIG_H -I. -I/hpc/uhome/jhelmert/EXTPAR_GIT/extpar/bundled/cdi/src   -I/hpc/sw/netcdf4/4.7.3/x86/gnu-9.1.0/include      -Wall -pedantic -O3 -g -pthread -MT cdf_int.lo -MD -MP -MF .deps/cdf_int.Tpo -c -o cdf_int.lo /hpc/uhome/jhelmert/EXTPAR_GIT/extpar/bundled/cdi/src/cdf_int.c
libtool: compile:  /hpc/sw/gnu/gcc/9.1.0/bin/gcc -DHAVE_CONFIG_H -I. -I/hpc/uhome/jhelmert/EXTPAR_GIT/extpar/bundled/cdi/src -I/hpc/sw/netcdf4/4.7.3/x86/gnu-9.1.0/include -Wall -pedantic -O3 -g -pthread -MT cdf_int.lo -MD -MP -MF .deps/cdf_int.Tpo -c /hpc/uhome/jhelmert/EXTPAR_GIT/extpar/bundled/cdi/src/cdf_int.c  -fPIC -DPIC -o cdf_int.o
mv -f .deps/cdf_int.Tpo .deps/cdf_int.Plo
/bin/sh ../libtool  --tag=CC   --mode=compile /hpc/sw/gnu/gcc/9.1.0/bin/gcc -DHAVE_CONFIG_H -I. -I/hpc/uhome/jhelmert/EXTPAR_GIT/extpar/bundled/cdi/src   -I/hpc/sw/netcdf4/4.7.3/x86/gnu-9.1.0/include      -Wall -pedantic -O3 -g -pthread -MT cdf_util.lo -MD -MP -MF .deps/cdf_util.Tpo -c -o cdf_util.lo /hpc/uhome/jhelmert/EXTPAR_GIT/extpar/bundled/cdi/src/cdf_util.c
libtool: compile:  /hpc/sw/gnu/gcc/9.1.0/bin/gcc -DHAVE_CONFIG_H -I. -I/hpc/uhome/jhelmert/EXTPAR_GIT/extpar/bundled/cdi/src -I/hpc/sw/netcdf4/4.7.3/x86/gnu-9.1.0/include -Wall -pedantic -O3 -g -pthread -MT cdf_util.lo -MD -MP -MF .deps/cdf_util.Tpo -c /hpc/uhome/jhelmert/EXTPAR_GIT/extpar/bundled/cdi/src/cdf_util.c  -fPIC -DPIC -o cdf_util.o
mv -f .deps/cdf_util.Tpo .deps/cdf_util.Plo
/bin/sh ../libtool  --tag=CC   --mode=compile /hpc/sw/gnu/gcc/9.1.0/bin/gcc -DHAVE_CONFIG_H -I. -I/hpc/uhome/jhelmert/EXTPAR_GIT/extpar/bundled/cdi/src   -I/hpc/sw/netcdf4/4.7.3/x86/gnu-9.1.0/include      -Wall -pedantic -O3 -g -pthread -MT cdi_error.lo -MD -MP -MF .deps/cdi_error.Tpo -c -o cdi_error.lo /hpc/uhome/jhelmert/EXTPAR_GIT/extpar/bundled/cdi/src/cdi_error.c
libtool: compile:  /hpc/sw/gnu/gcc/9.1.0/bin/gcc -DHAVE_CONFIG_H -I. -I/hpc/uhome/jhelmert/EXTPAR_GIT/extpar/bundled/cdi/src -I/hpc/sw/netcdf4/4.7.3/x86/gnu-9.1.0/include -Wall -pedantic -O3 -g -pthread -MT cdi_error.lo -MD -MP -MF .deps/cdi_error.Tpo -c /hpc/uhome/jhelmert/EXTPAR_GIT/extpar/bundled/cdi/src/cdi_error.c  -fPIC -DPIC -o cdi_error.o
mv -f .deps/cdi_error.Tpo .deps/cdi_error.Plo
/bin/sh ../libtool  --tag=CC   --mode=compile /hpc/sw/gnu/gcc/9.1.0/bin/gcc -DHAVE_CONFIG_H -I. -I/hpc/uhome/jhelmert/EXTPAR_GIT/extpar/bundled/cdi/src   -I/hpc/sw/netcdf4/4.7.3/x86/gnu-9.1.0/include      -Wall -pedantic -O3 -g -pthread -MT cdi_util.lo -MD -MP -MF .deps/cdi_util.Tpo -c -o cdi_util.lo /hpc/uhome/jhelmert/EXTPAR_GIT/extpar/bundled/cdi/src/cdi_util.c
libtool: compile:  /hpc/sw/gnu/gcc/9.1.0/bin/gcc -DHAVE_CONFIG_H -I. -I/hpc/uhome/jhelmert/EXTPAR_GIT/extpar/bundled/cdi/src -I/hpc/sw/netcdf4/4.7.3/x86/gnu-9.1.0/include -Wall -pedantic -O3 -g -pthread -MT cdi_util.lo -MD -MP -MF .deps/cdi_util.Tpo -c /hpc/uhome/jhelmert/EXTPAR_GIT/extpar/bundled/cdi/src/cdi_util.c  -fPIC -DPIC -o cdi_util.o
mv -f .deps/cdi_util.Tpo .deps/cdi_util.Plo
/bin/sh ../libtool  --tag=CC   --mode=compile /hpc/sw/gnu/gcc/9.1.0/bin/gcc -DHAVE_CONFIG_H -I. -I/hpc/uhome/jhelmert/EXTPAR_GIT/extpar/bundled/cdi/src   -I/hpc/sw/netcdf4/4.7.3/x86/gnu-9.1.0/include      -Wall -pedantic -O3 -g -pthread -MT cgribexlib.lo -MD -MP -MF .deps/cgribexlib.Tpo -c -o cgribexlib.lo /hpc/uhome/jhelmert/EXTPAR_GIT/extpar/bundled/cdi/src/cgribexlib.c
libtool: compile:  /hpc/sw/gnu/gcc/9.1.0/bin/gcc -DHAVE_CONFIG_H -I. -I/hpc/uhome/jhelmert/EXTPAR_GIT/extpar/bundled/cdi/src -I/hpc/sw/netcdf4/4.7.3/x86/gnu-9.1.0/include -Wall -pedantic -O3 -g -pthread -MT cgribexlib.lo -MD -MP -MF .deps/cgribexlib.Tpo -c /hpc/uhome/jhelmert/EXTPAR_GIT/extpar/bundled/cdi/src/cgribexlib.c  -fPIC -DPIC -o cgribexlib.o
mv -f .deps/cgribexlib.Tpo .deps/cgribexlib.Plo
/bin/sh ../libtool  --tag=CC   --mode=compile /hpc/sw/gnu/gcc/9.1.0/bin/gcc -DHAVE_CONFIG_H -I. -I/hpc/uhome/jhelmert/EXTPAR_GIT/extpar/bundled/cdi/src   -I/hpc/sw/netcdf4/4.7.3/x86/gnu-9.1.0/include      -Wall -pedantic -O3 -g -pthread -MT dmemory.lo -MD -MP -MF .deps/dmemory.Tpo -c -o dmemory.lo /hpc/uhome/jhelmert/EXTPAR_GIT/extpar/bundled/cdi/src/dmemory.c
libtool: compile:  /hpc/sw/gnu/gcc/9.1.0/bin/gcc -DHAVE_CONFIG_H -I. -I/hpc/uhome/jhelmert/EXTPAR_GIT/extpar/bundled/cdi/src -I/hpc/sw/netcdf4/4.7.3/x86/gnu-9.1.0/include -Wall -pedantic -O3 -g -pthread -MT dmemory.lo -MD -MP -MF .deps/dmemory.Tpo -c /hpc/uhome/jhelmert/EXTPAR_GIT/extpar/bundled/cdi/src/dmemory.c  -fPIC -DPIC -o dmemory.o
mv -f .deps/dmemory.Tpo .deps/dmemory.Plo
/bin/sh ../libtool  --tag=CC   --mode=compile /hpc/sw/gnu/gcc/9.1.0/bin/gcc -DHAVE_CONFIG_H -I. -I/hpc/uhome/jhelmert/EXTPAR_GIT/extpar/bundled/cdi/src   -I/hpc/sw/netcdf4/4.7.3/x86/gnu-9.1.0/include      -Wall -pedantic -O3 -g -pthread -MT cksum.lo -MD -MP -MF .deps/cksum.Tpo -c -o cksum.lo /hpc/uhome/jhelmert/EXTPAR_GIT/extpar/bundled/cdi/src/cksum.c
libtool: compile:  /hpc/sw/gnu/gcc/9.1.0/bin/gcc -DHAVE_CONFIG_H -I. -I/hpc/uhome/jhelmert/EXTPAR_GIT/extpar/bundled/cdi/src -I/hpc/sw/netcdf4/4.7.3/x86/gnu-9.1.0/include -Wall -pedantic -O3 -g -pthread -MT cksum.lo -MD -MP -MF .deps/cksum.Tpo -c /hpc/uhome/jhelmert/EXTPAR_GIT/extpar/bundled/cdi/src/cksum.c  -fPIC -DPIC -o cksum.o
mv -f .deps/cksum.Tpo .deps/cksum.Plo
/bin/sh ../libtool  --tag=CC   --mode=compile /hpc/sw/gnu/gcc/9.1.0/bin/gcc -DHAVE_CONFIG_H -I. -I/hpc/uhome/jhelmert/EXTPAR_GIT/extpar/bundled/cdi/src   -I/hpc/sw/netcdf4/4.7.3/x86/gnu-9.1.0/include      -Wall -pedantic -O3 -g -pthread -MT cdi_cksum.lo -MD -MP -MF .deps/cdi_cksum.Tpo -c -o cdi_cksum.lo /hpc/uhome/jhelmert/EXTPAR_GIT/extpar/bundled/cdi/src/cdi_cksum.c
libtool: compile:  /hpc/sw/gnu/gcc/9.1.0/bin/gcc -DHAVE_CONFIG_H -I. -I/hpc/uhome/jhelmert/EXTPAR_GIT/extpar/bundled/cdi/src -I/hpc/sw/netcdf4/4.7.3/x86/gnu-9.1.0/include -Wall -pedantic -O3 -g -pthread -MT cdi_cksum.lo -MD -MP -MF .deps/cdi_cksum.Tpo -c /hpc/uhome/jhelmert/EXTPAR_GIT/extpar/bundled/cdi/src/cdi_cksum.c  -fPIC -DPIC -o cdi_cksum.o
mv -f .deps/cdi_cksum.Tpo .deps/cdi_cksum.Plo
/bin/sh ../libtool  --tag=CC   --mode=compile /hpc/sw/gnu/gcc/9.1.0/bin/gcc -DHAVE_CONFIG_H -I. -I/hpc/uhome/jhelmert/EXTPAR_GIT/extpar/bundled/cdi/src   -I/hpc/sw/netcdf4/4.7.3/x86/gnu-9.1.0/include      -Wall -pedantic -O3 -g -pthread -MT error.lo -MD -MP -MF .deps/error.Tpo -c -o error.lo /hpc/uhome/jhelmert/EXTPAR_GIT/extpar/bundled/cdi/src/error.c
libtool: compile:  /hpc/sw/gnu/gcc/9.1.0/bin/gcc -DHAVE_CONFIG_H -I. -I/hpc/uhome/jhelmert/EXTPAR_GIT/extpar/bundled/cdi/src -I/hpc/sw/netcdf4/4.7.3/x86/gnu-9.1.0/include -Wall -pedantic -O3 -g -pthread -MT error.lo -MD -MP -MF .deps/error.Tpo -c /hpc/uhome/jhelmert/EXTPAR_GIT/extpar/bundled/cdi/src/error.c  -fPIC -DPIC -o error.o
mv -f .deps/error.Tpo .deps/error.Plo
/bin/sh ../libtool  --tag=CC   --mode=compile /hpc/sw/gnu/gcc/9.1.0/bin/gcc -DHAVE_CONFIG_H -I. -I/hpc/uhome/jhelmert/EXTPAR_GIT/extpar/bundled/cdi/src   -I/hpc/sw/netcdf4/4.7.3/x86/gnu-9.1.0/include      -Wall -pedantic -O3 -g -pthread -MT extralib.lo -MD -MP -MF .deps/extralib.Tpo -c -o extralib.lo /hpc/uhome/jhelmert/EXTPAR_GIT/extpar/bundled/cdi/src/extralib.c
libtool: compile:  /hpc/sw/gnu/gcc/9.1.0/bin/gcc -DHAVE_CONFIG_H -I. -I/hpc/uhome/jhelmert/EXTPAR_GIT/extpar/bundled/cdi/src -I/hpc/sw/netcdf4/4.7.3/x86/gnu-9.1.0/include -Wall -pedantic -O3 -g -pthread -MT extralib.lo -MD -MP -MF .deps/extralib.Tpo -c /hpc/uhome/jhelmert/EXTPAR_GIT/extpar/bundled/cdi/src/extralib.c  -fPIC -DPIC -o extralib.o
mv -f .deps/extralib.Tpo .deps/extralib.Plo
/bin/sh ../libtool  --tag=CC   --mode=compile /hpc/sw/gnu/gcc/9.1.0/bin/gcc -DHAVE_CONFIG_H -I. -I/hpc/uhome/jhelmert/EXTPAR_GIT/extpar/bundled/cdi/src   -I/hpc/sw/netcdf4/4.7.3/x86/gnu-9.1.0/include      -Wall -pedantic -O3 -g -pthread -MT file.lo -MD -MP -MF .deps/file.Tpo -c -o file.lo /hpc/uhome/jhelmert/EXTPAR_GIT/extpar/bundled/cdi/src/file.c
libtool: compile:  /hpc/sw/gnu/gcc/9.1.0/bin/gcc -DHAVE_CONFIG_H -I. -I/hpc/uhome/jhelmert/EXTPAR_GIT/extpar/bundled/cdi/src -I/hpc/sw/netcdf4/4.7.3/x86/gnu-9.1.0/include -Wall -pedantic -O3 -g -pthread -MT file.lo -MD -MP -MF .deps/file.Tpo -c /hpc/uhome/jhelmert/EXTPAR_GIT/extpar/bundled/cdi/src/file.c  -fPIC -DPIC -o file.o
mv -f .deps/file.Tpo .deps/file.Plo
/bin/sh ../libtool  --tag=CC   --mode=compile /hpc/sw/gnu/gcc/9.1.0/bin/gcc -DHAVE_CONFIG_H -I. -I/hpc/uhome/jhelmert/EXTPAR_GIT/extpar/bundled/cdi/src   -I/hpc/sw/netcdf4/4.7.3/x86/gnu-9.1.0/include      -Wall -pedantic -O3 -g -pthread -MT gaussgrid.lo -MD -MP -MF .deps/gaussgrid.Tpo -c -o gaussgrid.lo /hpc/uhome/jhelmert/EXTPAR_GIT/extpar/bundled/cdi/src/gaussgrid.c
libtool: compile:  /hpc/sw/gnu/gcc/9.1.0/bin/gcc -DHAVE_CONFIG_H -I. -I/hpc/uhome/jhelmert/EXTPAR_GIT/extpar/bundled/cdi/src -I/hpc/sw/netcdf4/4.7.3/x86/gnu-9.1.0/include -Wall -pedantic -O3 -g -pthread -MT gaussgrid.lo -MD -MP -MF .deps/gaussgrid.Tpo -c /hpc/uhome/jhelmert/EXTPAR_GIT/extpar/bundled/cdi/src/gaussgrid.c  -fPIC -DPIC -o gaussgrid.o
mv -f .deps/gaussgrid.Tpo .deps/gaussgrid.Plo
/bin/sh ../libtool  --tag=CC   --mode=compile /hpc/sw/gnu/gcc/9.1.0/bin/gcc -DHAVE_CONFIG_H -I. -I/hpc/uhome/jhelmert/EXTPAR_GIT/extpar/bundled/cdi/src   -I/hpc/sw/netcdf4/4.7.3/x86/gnu-9.1.0/include      -Wall -pedantic -O3 -g -pthread -MT gribapi.lo -MD -MP -MF .deps/gribapi.Tpo -c -o gribapi.lo /hpc/uhome/jhelmert/EXTPAR_GIT/extpar/bundled/cdi/src/gribapi.c
libtool: compile:  /hpc/sw/gnu/gcc/9.1.0/bin/gcc -DHAVE_CONFIG_H -I. -I/hpc/uhome/jhelmert/EXTPAR_GIT/extpar/bundled/cdi/src -I/hpc/sw/netcdf4/4.7.3/x86/gnu-9.1.0/include -Wall -pedantic -O3 -g -pthread -MT gribapi.lo -MD -MP -MF .deps/gribapi.Tpo -c /hpc/uhome/jhelmert/EXTPAR_GIT/extpar/bundled/cdi/src/gribapi.c  -fPIC -DPIC -o gribapi.o
mv -f .deps/gribapi.Tpo .deps/gribapi.Plo
/bin/sh ../libtool  --tag=CC   --mode=compile /hpc/sw/gnu/gcc/9.1.0/bin/gcc -DHAVE_CONFIG_H -I. -I/hpc/uhome/jhelmert/EXTPAR_GIT/extpar/bundled/cdi/src   -I/hpc/sw/netcdf4/4.7.3/x86/gnu-9.1.0/include      -Wall -pedantic -O3 -g -pthread -MT grid.lo -MD -MP -MF .deps/grid.Tpo -c -o grid.lo /hpc/uhome/jhelmert/EXTPAR_GIT/extpar/bundled/cdi/src/grid.c
libtool: compile:  /hpc/sw/gnu/gcc/9.1.0/bin/gcc -DHAVE_CONFIG_H -I. -I/hpc/uhome/jhelmert/EXTPAR_GIT/extpar/bundled/cdi/src -I/hpc/sw/netcdf4/4.7.3/x86/gnu-9.1.0/include -Wall -pedantic -O3 -g -pthread -MT grid.lo -MD -MP -MF .deps/grid.Tpo -c /hpc/uhome/jhelmert/EXTPAR_GIT/extpar/bundled/cdi/src/grid.c  -fPIC -DPIC -o grid.o
mv -f .deps/grid.Tpo .deps/grid.Plo
/bin/sh ../libtool  --tag=CC   --mode=compile /hpc/sw/gnu/gcc/9.1.0/bin/gcc -DHAVE_CONFIG_H -I. -I/hpc/uhome/jhelmert/EXTPAR_GIT/extpar/bundled/cdi/src   -I/hpc/sw/netcdf4/4.7.3/x86/gnu-9.1.0/include      -Wall -pedantic -O3 -g -pthread -MT ieglib.lo -MD -MP -MF .deps/ieglib.Tpo -c -o ieglib.lo /hpc/uhome/jhelmert/EXTPAR_GIT/extpar/bundled/cdi/src/ieglib.c
libtool: compile:  /hpc/sw/gnu/gcc/9.1.0/bin/gcc -DHAVE_CONFIG_H -I. -I/hpc/uhome/jhelmert/EXTPAR_GIT/extpar/bundled/cdi/src -I/hpc/sw/netcdf4/4.7.3/x86/gnu-9.1.0/include -Wall -pedantic -O3 -g -pthread -MT ieglib.lo -MD -MP -MF .deps/ieglib.Tpo -c /hpc/uhome/jhelmert/EXTPAR_GIT/extpar/bundled/cdi/src/ieglib.c  -fPIC -DPIC -o ieglib.o
mv -f .deps/ieglib.Tpo .deps/ieglib.Plo
/bin/sh ../libtool  --tag=CC   --mode=compile /hpc/sw/gnu/gcc/9.1.0/bin/gcc -DHAVE_CONFIG_H -I. -I/hpc/uhome/jhelmert/EXTPAR_GIT/extpar/bundled/cdi/src   -I/hpc/sw/netcdf4/4.7.3/x86/gnu-9.1.0/include      -Wall -pedantic -O3 -g -pthread -MT input_file.lo -MD -MP -MF .deps/input_file.Tpo -c -o input_file.lo /hpc/uhome/jhelmert/EXTPAR_GIT/extpar/bundled/cdi/src/input_file.c
libtool: compile:  /hpc/sw/gnu/gcc/9.1.0/bin/gcc -DHAVE_CONFIG_H -I. -I/hpc/uhome/jhelmert/EXTPAR_GIT/extpar/bundled/cdi/src -I/hpc/sw/netcdf4/4.7.3/x86/gnu-9.1.0/include -Wall -pedantic -O3 -g -pthread -MT input_file.lo -MD -MP -MF .deps/input_file.Tpo -c /hpc/uhome/jhelmert/EXTPAR_GIT/extpar/bundled/cdi/src/input_file.c  -fPIC -DPIC -o input_file.o
mv -f .deps/input_file.Tpo .deps/input_file.Plo
/bin/sh ../libtool  --tag=CC   --mode=compile /hpc/sw/gnu/gcc/9.1.0/bin/gcc -DHAVE_CONFIG_H -I. -I/hpc/uhome/jhelmert/EXTPAR_GIT/extpar/bundled/cdi/src   -I/hpc/sw/netcdf4/4.7.3/x86/gnu-9.1.0/include      -Wall -pedantic -O3 -g -pthread -MT institution.lo -MD -MP -MF .deps/institution.Tpo -c -o institution.lo /hpc/uhome/jhelmert/EXTPAR_GIT/extpar/bundled/cdi/src/institution.c
libtool: compile:  /hpc/sw/gnu/gcc/9.1.0/bin/gcc -DHAVE_CONFIG_H -I. -I/hpc/uhome/jhelmert/EXTPAR_GIT/extpar/bundled/cdi/src -I/hpc/sw/netcdf4/4.7.3/x86/gnu-9.1.0/include -Wall -pedantic -O3 -g -pthread -MT institution.lo -MD -MP -MF .deps/institution.Tpo -c /hpc/uhome/jhelmert/EXTPAR_GIT/extpar/bundled/cdi/src/institution.c  -fPIC -DPIC -o institution.o
mv -f .deps/institution.Tpo .deps/institution.Plo
/bin/sh ../libtool  --tag=CC   --mode=compile /hpc/sw/gnu/gcc/9.1.0/bin/gcc -DHAVE_CONFIG_H -I. -I/hpc/uhome/jhelmert/EXTPAR_GIT/extpar/bundled/cdi/src   -I/hpc/sw/netcdf4/4.7.3/x86/gnu-9.1.0/include      -Wall -pedantic -O3 -g -pthread -MT model.lo -MD -MP -MF .deps/model.Tpo -c -o model.lo /hpc/uhome/jhelmert/EXTPAR_GIT/extpar/bundled/cdi/src/model.c
libtool: compile:  /hpc/sw/gnu/gcc/9.1.0/bin/gcc -DHAVE_CONFIG_H -I. -I/hpc/uhome/jhelmert/EXTPAR_GIT/extpar/bundled/cdi/src -I/hpc/sw/netcdf4/4.7.3/x86/gnu-9.1.0/include -Wall -pedantic -O3 -g -pthread -MT model.lo -MD -MP -MF .deps/model.Tpo -c /hpc/uhome/jhelmert/EXTPAR_GIT/extpar/bundled/cdi/src/model.c  -fPIC -DPIC -o model.o
mv -f .deps/model.Tpo .deps/model.Plo
/bin/sh ../libtool  --tag=CC   --mode=compile /hpc/sw/gnu/gcc/9.1.0/bin/gcc -DHAVE_CONFIG_H -I. -I/hpc/uhome/jhelmert/EXTPAR_GIT/extpar/bundled/cdi/src   -I/hpc/sw/netcdf4/4.7.3/x86/gnu-9.1.0/include      -Wall -pedantic -O3 -g -pthread -MT namespace.lo -MD -MP -MF .deps/namespace.Tpo -c -o namespace.lo /hpc/uhome/jhelmert/EXTPAR_GIT/extpar/bundled/cdi/src/namespace.c
libtool: compile:  /hpc/sw/gnu/gcc/9.1.0/bin/gcc -DHAVE_CONFIG_H -I. -I/hpc/uhome/jhelmert/EXTPAR_GIT/extpar/bundled/cdi/src -I/hpc/sw/netcdf4/4.7.3/x86/gnu-9.1.0/include -Wall -pedantic -O3 -g -pthread -MT namespace.lo -MD -MP -MF .deps/namespace.Tpo -c /hpc/uhome/jhelmert/EXTPAR_GIT/extpar/bundled/cdi/src/namespace.c  -fPIC -DPIC -o namespace.o
mv -f .deps/namespace.Tpo .deps/namespace.Plo
/bin/sh ../libtool  --tag=CC   --mode=compile /hpc/sw/gnu/gcc/9.1.0/bin/gcc -DHAVE_CONFIG_H -I. -I/hpc/uhome/jhelmert/EXTPAR_GIT/extpar/bundled/cdi/src   -I/hpc/sw/netcdf4/4.7.3/x86/gnu-9.1.0/include      -Wall -pedantic -O3 -g -pthread -MT serialize.lo -MD -MP -MF .deps/serialize.Tpo -c -o serialize.lo /hpc/uhome/jhelmert/EXTPAR_GIT/extpar/bundled/cdi/src/serialize.c
libtool: compile:  /hpc/sw/gnu/gcc/9.1.0/bin/gcc -DHAVE_CONFIG_H -I. -I/hpc/uhome/jhelmert/EXTPAR_GIT/extpar/bundled/cdi/src -I/hpc/sw/netcdf4/4.7.3/x86/gnu-9.1.0/include -Wall -pedantic -O3 -g -pthread -MT serialize.lo -MD -MP -MF .deps/serialize.Tpo -c /hpc/uhome/jhelmert/EXTPAR_GIT/extpar/bundled/cdi/src/serialize.c  -fPIC -DPIC -o serialize.o
mv -f .deps/serialize.Tpo .deps/serialize.Plo
/bin/sh ../libtool  --tag=CC   --mode=compile /hpc/sw/gnu/gcc/9.1.0/bin/gcc -DHAVE_CONFIG_H -I. -I/hpc/uhome/jhelmert/EXTPAR_GIT/extpar/bundled/cdi/src   -I/hpc/sw/netcdf4/4.7.3/x86/gnu-9.1.0/include      -Wall -pedantic -O3 -g -pthread -MT referenceCounting.lo -MD -MP -MF .deps/referenceCounting.Tpo -c -o referenceCounting.lo /hpc/uhome/jhelmert/EXTPAR_GIT/extpar/bundled/cdi/src/referenceCounting.c
libtool: compile:  /hpc/sw/gnu/gcc/9.1.0/bin/gcc -DHAVE_CONFIG_H -I. -I/hpc/uhome/jhelmert/EXTPAR_GIT/extpar/bundled/cdi/src -I/hpc/sw/netcdf4/4.7.3/x86/gnu-9.1.0/include -Wall -pedantic -O3 -g -pthread -MT referenceCounting.lo -MD -MP -MF .deps/referenceCounting.Tpo -c /hpc/uhome/jhelmert/EXTPAR_GIT/extpar/bundled/cdi/src/referenceCounting.c  -fPIC -DPIC -o referenceCounting.o
mv -f .deps/referenceCounting.Tpo .deps/referenceCounting.Plo
/bin/sh ../libtool  --tag=CC   --mode=compile /hpc/sw/gnu/gcc/9.1.0/bin/gcc -DHAVE_CONFIG_H -I. -I/hpc/uhome/jhelmert/EXTPAR_GIT/extpar/bundled/cdi/src   -I/hpc/sw/netcdf4/4.7.3/x86/gnu-9.1.0/include      -Wall -pedantic -O3 -g -pthread -MT resource_handle.lo -MD -MP -MF .deps/resource_handle.Tpo -c -o resource_handle.lo /hpc/uhome/jhelmert/EXTPAR_GIT/extpar/bundled/cdi/src/resource_handle.c
libtool: compile:  /hpc/sw/gnu/gcc/9.1.0/bin/gcc -DHAVE_CONFIG_H -I. -I/hpc/uhome/jhelmert/EXTPAR_GIT/extpar/bundled/cdi/src -I/hpc/sw/netcdf4/4.7.3/x86/gnu-9.1.0/include -Wall -pedantic -O3 -g -pthread -MT resource_handle.lo -MD -MP -MF .deps/resource_handle.Tpo -c /hpc/uhome/jhelmert/EXTPAR_GIT/extpar/bundled/cdi/src/resource_handle.c  -fPIC -DPIC -o resource_handle.o
mv -f .deps/resource_handle.Tpo .deps/resource_handle.Plo
/bin/sh ../libtool  --tag=CC   --mode=compile /hpc/sw/gnu/gcc/9.1.0/bin/gcc -DHAVE_CONFIG_H -I. -I/hpc/uhome/jhelmert/EXTPAR_GIT/extpar/bundled/cdi/src   -I/hpc/sw/netcdf4/4.7.3/x86/gnu-9.1.0/include      -Wall -pedantic -O3 -g -pthread -MT servicelib.lo -MD -MP -MF .deps/servicelib.Tpo -c -o servicelib.lo /hpc/uhome/jhelmert/EXTPAR_GIT/extpar/bundled/cdi/src/servicelib.c
libtool: compile:  /hpc/sw/gnu/gcc/9.1.0/bin/gcc -DHAVE_CONFIG_H -I. -I/hpc/uhome/jhelmert/EXTPAR_GIT/extpar/bundled/cdi/src -I/hpc/sw/netcdf4/4.7.3/x86/gnu-9.1.0/include -Wall -pedantic -O3 -g -pthread -MT servicelib.lo -MD -MP -MF .deps/servicelib.Tpo -c /hpc/uhome/jhelmert/EXTPAR_GIT/extpar/bundled/cdi/src/servicelib.c  -fPIC -DPIC -o servicelib.o
mv -f .deps/servicelib.Tpo .deps/servicelib.Plo
/bin/sh ../libtool  --tag=CC   --mode=compile /hpc/sw/gnu/gcc/9.1.0/bin/gcc -DHAVE_CONFIG_H -I. -I/hpc/uhome/jhelmert/EXTPAR_GIT/extpar/bundled/cdi/src   -I/hpc/sw/netcdf4/4.7.3/x86/gnu-9.1.0/include      -Wall -pedantic -O3 -g -pthread -MT stream_cdf_i.lo -MD -MP -MF .deps/stream_cdf_i.Tpo -c -o stream_cdf_i.lo /hpc/uhome/jhelmert/EXTPAR_GIT/extpar/bundled/cdi/src/stream_cdf_i.c
libtool: compile:  /hpc/sw/gnu/gcc/9.1.0/bin/gcc -DHAVE_CONFIG_H -I. -I/hpc/uhome/jhelmert/EXTPAR_GIT/extpar/bundled/cdi/src -I/hpc/sw/netcdf4/4.7.3/x86/gnu-9.1.0/include -Wall -pedantic -O3 -g -pthread -MT stream_cdf_i.lo -MD -MP -MF .deps/stream_cdf_i.Tpo -c /hpc/uhome/jhelmert/EXTPAR_GIT/extpar/bundled/cdi/src/stream_cdf_i.c  -fPIC -DPIC -o stream_cdf_i.o
mv -f .deps/stream_cdf_i.Tpo .deps/stream_cdf_i.Plo
/bin/sh ../libtool  --tag=CC   --mode=compile /hpc/sw/gnu/gcc/9.1.0/bin/gcc -DHAVE_CONFIG_H -I. -I/hpc/uhome/jhelmert/EXTPAR_GIT/extpar/bundled/cdi/src   -I/hpc/sw/netcdf4/4.7.3/x86/gnu-9.1.0/include      -Wall -pedantic -O3 -g -pthread -MT stream_cdf_o.lo -MD -MP -MF .deps/stream_cdf_o.Tpo -c -o stream_cdf_o.lo /hpc/uhome/jhelmert/EXTPAR_GIT/extpar/bundled/cdi/src/stream_cdf_o.c
libtool: compile:  /hpc/sw/gnu/gcc/9.1.0/bin/gcc -DHAVE_CONFIG_H -I. -I/hpc/uhome/jhelmert/EXTPAR_GIT/extpar/bundled/cdi/src -I/hpc/sw/netcdf4/4.7.3/x86/gnu-9.1.0/include -Wall -pedantic -O3 -g -pthread -MT stream_cdf_o.lo -MD -MP -MF .deps/stream_cdf_o.Tpo -c /hpc/uhome/jhelmert/EXTPAR_GIT/extpar/bundled/cdi/src/stream_cdf_o.c  -fPIC -DPIC -o stream_cdf_o.o
mv -f .deps/stream_cdf_o.Tpo .deps/stream_cdf_o.Plo
/bin/sh ../libtool  --tag=CC   --mode=compile /hpc/sw/gnu/gcc/9.1.0/bin/gcc -DHAVE_CONFIG_H -I. -I/hpc/uhome/jhelmert/EXTPAR_GIT/extpar/bundled/cdi/src   -I/hpc/sw/netcdf4/4.7.3/x86/gnu-9.1.0/include      -Wall -pedantic -O3 -g -pthread -MT stream_cdf_time.lo -MD -MP -MF .deps/stream_cdf_time.Tpo -c -o stream_cdf_time.lo /hpc/uhome/jhelmert/EXTPAR_GIT/extpar/bundled/cdi/src/stream_cdf_time.c
libtool: compile:  /hpc/sw/gnu/gcc/9.1.0/bin/gcc -DHAVE_CONFIG_H -I. -I/hpc/uhome/jhelmert/EXTPAR_GIT/extpar/bundled/cdi/src -I/hpc/sw/netcdf4/4.7.3/x86/gnu-9.1.0/include -Wall -pedantic -O3 -g -pthread -MT stream_cdf_time.lo -MD -MP -MF .deps/stream_cdf_time.Tpo -c /hpc/uhome/jhelmert/EXTPAR_GIT/extpar/bundled/cdi/src/stream_cdf_time.c  -fPIC -DPIC -o stream_cdf_time.o
mv -f .deps/stream_cdf_time.Tpo .deps/stream_cdf_time.Plo
/bin/sh ../libtool  --tag=CC   --mode=compile /hpc/sw/gnu/gcc/9.1.0/bin/gcc -DHAVE_CONFIG_H -I. -I/hpc/uhome/jhelmert/EXTPAR_GIT/extpar/bundled/cdi/src   -I/hpc/sw/netcdf4/4.7.3/x86/gnu-9.1.0/include      -Wall -pedantic -O3 -g -pthread -MT stream_cgribex.lo -MD -MP -MF .deps/stream_cgribex.Tpo -c -o stream_cgribex.lo /hpc/uhome/jhelmert/EXTPAR_GIT/extpar/bundled/cdi/src/stream_cgribex.c
libtool: compile:  /hpc/sw/gnu/gcc/9.1.0/bin/gcc -DHAVE_CONFIG_H -I. -I/hpc/uhome/jhelmert/EXTPAR_GIT/extpar/bundled/cdi/src -I/hpc/sw/netcdf4/4.7.3/x86/gnu-9.1.0/include -Wall -pedantic -O3 -g -pthread -MT stream_cgribex.lo -MD -MP -MF .deps/stream_cgribex.Tpo -c /hpc/uhome/jhelmert/EXTPAR_GIT/extpar/bundled/cdi/src/stream_cgribex.c  -fPIC -DPIC -o stream_cgribex.o
mv -f .deps/stream_cgribex.Tpo .deps/stream_cgribex.Plo
/bin/sh ../libtool  --tag=CC   --mode=compile /hpc/sw/gnu/gcc/9.1.0/bin/gcc -DHAVE_CONFIG_H -I. -I/hpc/uhome/jhelmert/EXTPAR_GIT/extpar/bundled/cdi/src   -I/hpc/sw/netcdf4/4.7.3/x86/gnu-9.1.0/include      -Wall -pedantic -O3 -g -pthread -MT stream_ext.lo -MD -MP -MF .deps/stream_ext.Tpo -c -o stream_ext.lo /hpc/uhome/jhelmert/EXTPAR_GIT/extpar/bundled/cdi/src/stream_ext.c
libtool: compile:  /hpc/sw/gnu/gcc/9.1.0/bin/gcc -DHAVE_CONFIG_H -I. -I/hpc/uhome/jhelmert/EXTPAR_GIT/extpar/bundled/cdi/src -I/hpc/sw/netcdf4/4.7.3/x86/gnu-9.1.0/include -Wall -pedantic -O3 -g -pthread -MT stream_ext.lo -MD -MP -MF .deps/stream_ext.Tpo -c /hpc/uhome/jhelmert/EXTPAR_GIT/extpar/bundled/cdi/src/stream_ext.c  -fPIC -DPIC -o stream_ext.o
mv -f .deps/stream_ext.Tpo .deps/stream_ext.Plo
/bin/sh ../libtool  --tag=CC   --mode=compile /hpc/sw/gnu/gcc/9.1.0/bin/gcc -DHAVE_CONFIG_H -I. -I/hpc/uhome/jhelmert/EXTPAR_GIT/extpar/bundled/cdi/src   -I/hpc/sw/netcdf4/4.7.3/x86/gnu-9.1.0/include      -Wall -pedantic -O3 -g -pthread -MT stream_grb.lo -MD -MP -MF .deps/stream_grb.Tpo -c -o stream_grb.lo /hpc/uhome/jhelmert/EXTPAR_GIT/extpar/bundled/cdi/src/stream_grb.c
libtool: compile:  /hpc/sw/gnu/gcc/9.1.0/bin/gcc -DHAVE_CONFIG_H -I. -I/hpc/uhome/jhelmert/EXTPAR_GIT/extpar/bundled/cdi/src -I/hpc/sw/netcdf4/4.7.3/x86/gnu-9.1.0/include -Wall -pedantic -O3 -g -pthread -MT stream_grb.lo -MD -MP -MF .deps/stream_grb.Tpo -c /hpc/uhome/jhelmert/EXTPAR_GIT/extpar/bundled/cdi/src/stream_grb.c  -fPIC -DPIC -o stream_grb.o
mv -f .deps/stream_grb.Tpo .deps/stream_grb.Plo
/bin/sh ../libtool  --tag=CC   --mode=compile /hpc/sw/gnu/gcc/9.1.0/bin/gcc -DHAVE_CONFIG_H -I. -I/hpc/uhome/jhelmert/EXTPAR_GIT/extpar/bundled/cdi/src   -I/hpc/sw/netcdf4/4.7.3/x86/gnu-9.1.0/include      -Wall -pedantic -O3 -g -pthread -MT stream_history.lo -MD -MP -MF .deps/stream_history.Tpo -c -o stream_history.lo /hpc/uhome/jhelmert/EXTPAR_GIT/extpar/bundled/cdi/src/stream_history.c
libtool: compile:  /hpc/sw/gnu/gcc/9.1.0/bin/gcc -DHAVE_CONFIG_H -I. -I/hpc/uhome/jhelmert/EXTPAR_GIT/extpar/bundled/cdi/src -I/hpc/sw/netcdf4/4.7.3/x86/gnu-9.1.0/include -Wall -pedantic -O3 -g -pthread -MT stream_history.lo -MD -MP -MF .deps/stream_history.Tpo -c /hpc/uhome/jhelmert/EXTPAR_GIT/extpar/bundled/cdi/src/stream_history.c  -fPIC -DPIC -o stream_history.o
mv -f .deps/stream_history.Tpo .deps/stream_history.Plo
/bin/sh ../libtool  --tag=CC   --mode=compile /hpc/sw/gnu/gcc/9.1.0/bin/gcc -DHAVE_CONFIG_H -I. -I/hpc/uhome/jhelmert/EXTPAR_GIT/extpar/bundled/cdi/src   -I/hpc/sw/netcdf4/4.7.3/x86/gnu-9.1.0/include      -Wall -pedantic -O3 -g -pthread -MT stream_ieg.lo -MD -MP -MF .deps/stream_ieg.Tpo -c -o stream_ieg.lo /hpc/uhome/jhelmert/EXTPAR_GIT/extpar/bundled/cdi/src/stream_ieg.c
libtool: compile:  /hpc/sw/gnu/gcc/9.1.0/bin/gcc -DHAVE_CONFIG_H -I. -I/hpc/uhome/jhelmert/EXTPAR_GIT/extpar/bundled/cdi/src -I/hpc/sw/netcdf4/4.7.3/x86/gnu-9.1.0/include -Wall -pedantic -O3 -g -pthread -MT stream_ieg.lo -MD -MP -MF .deps/stream_ieg.Tpo -c /hpc/uhome/jhelmert/EXTPAR_GIT/extpar/bundled/cdi/src/stream_ieg.c  -fPIC -DPIC -o stream_ieg.o
mv -f .deps/stream_ieg.Tpo .deps/stream_ieg.Plo
/bin/sh ../libtool  --tag=CC   --mode=compile /hpc/sw/gnu/gcc/9.1.0/bin/gcc -DHAVE_CONFIG_H -I. -I/hpc/uhome/jhelmert/EXTPAR_GIT/extpar/bundled/cdi/src   -I/hpc/sw/netcdf4/4.7.3/x86/gnu-9.1.0/include      -Wall -pedantic -O3 -g -pthread -MT cdi_int.lo -MD -MP -MF .deps/cdi_int.Tpo -c -o cdi_int.lo /hpc/uhome/jhelmert/EXTPAR_GIT/extpar/bundled/cdi/src/cdi_int.c
libtool: compile:  /hpc/sw/gnu/gcc/9.1.0/bin/gcc -DHAVE_CONFIG_H -I. -I/hpc/uhome/jhelmert/EXTPAR_GIT/extpar/bundled/cdi/src -I/hpc/sw/netcdf4/4.7.3/x86/gnu-9.1.0/include -Wall -pedantic -O3 -g -pthread -MT cdi_int.lo -MD -MP -MF .deps/cdi_int.Tpo -c /hpc/uhome/jhelmert/EXTPAR_GIT/extpar/bundled/cdi/src/cdi_int.c  -fPIC -DPIC -o cdi_int.o
mv -f .deps/cdi_int.Tpo .deps/cdi_int.Plo
/bin/sh ../libtool  --tag=CC   --mode=compile /hpc/sw/gnu/gcc/9.1.0/bin/gcc -DHAVE_CONFIG_H -I. -I/hpc/uhome/jhelmert/EXTPAR_GIT/extpar/bundled/cdi/src   -I/hpc/sw/netcdf4/4.7.3/x86/gnu-9.1.0/include      -Wall -pedantic -O3 -g -pthread -MT stream_scan.lo -MD -MP -MF .deps/stream_scan.Tpo -c -o stream_scan.lo /hpc/uhome/jhelmert/EXTPAR_GIT/extpar/bundled/cdi/src/stream_scan.c
libtool: compile:  /hpc/sw/gnu/gcc/9.1.0/bin/gcc -DHAVE_CONFIG_H -I. -I/hpc/uhome/jhelmert/EXTPAR_GIT/extpar/bundled/cdi/src -I/hpc/sw/netcdf4/4.7.3/x86/gnu-9.1.0/include -Wall -pedantic -O3 -g -pthread -MT stream_scan.lo -MD -MP -MF .deps/stream_scan.Tpo -c /hpc/uhome/jhelmert/EXTPAR_GIT/extpar/bundled/cdi/src/stream_scan.c  -fPIC -DPIC -o stream_scan.o
mv -f .deps/stream_scan.Tpo .deps/stream_scan.Plo
/bin/sh ../libtool  --tag=CC   --mode=compile /hpc/sw/gnu/gcc/9.1.0/bin/gcc -DHAVE_CONFIG_H -I. -I/hpc/uhome/jhelmert/EXTPAR_GIT/extpar/bundled/cdi/src   -I/hpc/sw/netcdf4/4.7.3/x86/gnu-9.1.0/include      -Wall -pedantic -O3 -g -pthread -MT stream_record.lo -MD -MP -MF .deps/stream_record.Tpo -c -o stream_record.lo /hpc/uhome/jhelmert/EXTPAR_GIT/extpar/bundled/cdi/src/stream_record.c
libtool: compile:  /hpc/sw/gnu/gcc/9.1.0/bin/gcc -DHAVE_CONFIG_H -I. -I/hpc/uhome/jhelmert/EXTPAR_GIT/extpar/bundled/cdi/src -I/hpc/sw/netcdf4/4.7.3/x86/gnu-9.1.0/include -Wall -pedantic -O3 -g -pthread -MT stream_record.lo -MD -MP -MF .deps/stream_record.Tpo -c /hpc/uhome/jhelmert/EXTPAR_GIT/extpar/bundled/cdi/src/stream_record.c  -fPIC -DPIC -o stream_record.o
mv -f .deps/stream_record.Tpo .deps/stream_record.Plo
/bin/sh ../libtool  --tag=CC   --mode=compile /hpc/sw/gnu/gcc/9.1.0/bin/gcc -DHAVE_CONFIG_H -I. -I/hpc/uhome/jhelmert/EXTPAR_GIT/extpar/bundled/cdi/src   -I/hpc/sw/netcdf4/4.7.3/x86/gnu-9.1.0/include      -Wall -pedantic -O3 -g -pthread -MT stream_srv.lo -MD -MP -MF .deps/stream_srv.Tpo -c -o stream_srv.lo /hpc/uhome/jhelmert/EXTPAR_GIT/extpar/bundled/cdi/src/stream_srv.c
libtool: compile:  /hpc/sw/gnu/gcc/9.1.0/bin/gcc -DHAVE_CONFIG_H -I. -I/hpc/uhome/jhelmert/EXTPAR_GIT/extpar/bundled/cdi/src -I/hpc/sw/netcdf4/4.7.3/x86/gnu-9.1.0/include -Wall -pedantic -O3 -g -pthread -MT stream_srv.lo -MD -MP -MF .deps/stream_srv.Tpo -c /hpc/uhome/jhelmert/EXTPAR_GIT/extpar/bundled/cdi/src/stream_srv.c  -fPIC -DPIC -o stream_srv.o
mv -f .deps/stream_srv.Tpo .deps/stream_srv.Plo
/bin/sh ../libtool  --tag=CC   --mode=compile /hpc/sw/gnu/gcc/9.1.0/bin/gcc -DHAVE_CONFIG_H -I. -I/hpc/uhome/jhelmert/EXTPAR_GIT/extpar/bundled/cdi/src   -I/hpc/sw/netcdf4/4.7.3/x86/gnu-9.1.0/include      -Wall -pedantic -O3 -g -pthread -MT stream_var.lo -MD -MP -MF .deps/stream_var.Tpo -c -o stream_var.lo /hpc/uhome/jhelmert/EXTPAR_GIT/extpar/bundled/cdi/src/stream_var.c
libtool: compile:  /hpc/sw/gnu/gcc/9.1.0/bin/gcc -DHAVE_CONFIG_H -I. -I/hpc/uhome/jhelmert/EXTPAR_GIT/extpar/bundled/cdi/src -I/hpc/sw/netcdf4/4.7.3/x86/gnu-9.1.0/include -Wall -pedantic -O3 -g -pthread -MT stream_var.lo -MD -MP -MF .deps/stream_var.Tpo -c /hpc/uhome/jhelmert/EXTPAR_GIT/extpar/bundled/cdi/src/stream_var.c  -fPIC -DPIC -o stream_var.o
mv -f .deps/stream_var.Tpo .deps/stream_var.Plo
/bin/sh ../libtool  --tag=CC   --mode=compile /hpc/sw/gnu/gcc/9.1.0/bin/gcc -DHAVE_CONFIG_H -I. -I/hpc/uhome/jhelmert/EXTPAR_GIT/extpar/bundled/cdi/src   -I/hpc/sw/netcdf4/4.7.3/x86/gnu-9.1.0/include      -Wall -pedantic -O3 -g -pthread -MT grb_write.lo -MD -MP -MF .deps/grb_write.Tpo -c -o grb_write.lo /hpc/uhome/jhelmert/EXTPAR_GIT/extpar/bundled/cdi/src/grb_write.c
libtool: compile:  /hpc/sw/gnu/gcc/9.1.0/bin/gcc -DHAVE_CONFIG_H -I. -I/hpc/uhome/jhelmert/EXTPAR_GIT/extpar/bundled/cdi/src -I/hpc/sw/netcdf4/4.7.3/x86/gnu-9.1.0/include -Wall -pedantic -O3 -g -pthread -MT grb_write.lo -MD -MP -MF .deps/grb_write.Tpo -c /hpc/uhome/jhelmert/EXTPAR_GIT/extpar/bundled/cdi/src/grb_write.c  -fPIC -DPIC -o grb_write.o
mv -f .deps/grb_write.Tpo .deps/grb_write.Plo
/bin/sh ../libtool  --tag=CC   --mode=compile /hpc/sw/gnu/gcc/9.1.0/bin/gcc -DHAVE_CONFIG_H -I. -I/hpc/uhome/jhelmert/EXTPAR_GIT/extpar/bundled/cdi/src   -I/hpc/sw/netcdf4/4.7.3/x86/gnu-9.1.0/include      -Wall -pedantic -O3 -g -pthread -MT grb_read.lo -MD -MP -MF .deps/grb_read.Tpo -c -o grb_read.lo /hpc/uhome/jhelmert/EXTPAR_GIT/extpar/bundled/cdi/src/grb_read.c
libtool: compile:  /hpc/sw/gnu/gcc/9.1.0/bin/gcc -DHAVE_CONFIG_H -I. -I/hpc/uhome/jhelmert/EXTPAR_GIT/extpar/bundled/cdi/src -I/hpc/sw/netcdf4/4.7.3/x86/gnu-9.1.0/include -Wall -pedantic -O3 -g -pthread -MT grb_read.lo -MD -MP -MF .deps/grb_read.Tpo -c /hpc/uhome/jhelmert/EXTPAR_GIT/extpar/bundled/cdi/src/grb_read.c  -fPIC -DPIC -o grb_read.o
mv -f .deps/grb_read.Tpo .deps/grb_read.Plo
/bin/sh ../libtool  --tag=CC   --mode=compile /hpc/sw/gnu/gcc/9.1.0/bin/gcc -DHAVE_CONFIG_H -I. -I/hpc/uhome/jhelmert/EXTPAR_GIT/extpar/bundled/cdi/src   -I/hpc/sw/netcdf4/4.7.3/x86/gnu-9.1.0/include      -Wall -pedantic -O3 -g -pthread -MT cdf_write.lo -MD -MP -MF .deps/cdf_write.Tpo -c -o cdf_write.lo /hpc/uhome/jhelmert/EXTPAR_GIT/extpar/bundled/cdi/src/cdf_write.c
libtool: compile:  /hpc/sw/gnu/gcc/9.1.0/bin/gcc -DHAVE_CONFIG_H -I. -I/hpc/uhome/jhelmert/EXTPAR_GIT/extpar/bundled/cdi/src -I/hpc/sw/netcdf4/4.7.3/x86/gnu-9.1.0/include -Wall -pedantic -O3 -g -pthread -MT cdf_write.lo -MD -MP -MF .deps/cdf_write.Tpo -c /hpc/uhome/jhelmert/EXTPAR_GIT/extpar/bundled/cdi/src/cdf_write.c  -fPIC -DPIC -o cdf_write.o
mv -f .deps/cdf_write.Tpo .deps/cdf_write.Plo
/bin/sh ../libtool  --tag=CC   --mode=compile /hpc/sw/gnu/gcc/9.1.0/bin/gcc -DHAVE_CONFIG_H -I. -I/hpc/uhome/jhelmert/EXTPAR_GIT/extpar/bundled/cdi/src   -I/hpc/sw/netcdf4/4.7.3/x86/gnu-9.1.0/include      -Wall -pedantic -O3 -g -pthread -MT cdf_read.lo -MD -MP -MF .deps/cdf_read.Tpo -c -o cdf_read.lo /hpc/uhome/jhelmert/EXTPAR_GIT/extpar/bundled/cdi/src/cdf_read.c
libtool: compile:  /hpc/sw/gnu/gcc/9.1.0/bin/gcc -DHAVE_CONFIG_H -I. -I/hpc/uhome/jhelmert/EXTPAR_GIT/extpar/bundled/cdi/src -I/hpc/sw/netcdf4/4.7.3/x86/gnu-9.1.0/include -Wall -pedantic -O3 -g -pthread -MT cdf_read.lo -MD -MP -MF .deps/cdf_read.Tpo -c /hpc/uhome/jhelmert/EXTPAR_GIT/extpar/bundled/cdi/src/cdf_read.c  -fPIC -DPIC -o cdf_read.o
mv -f .deps/cdf_read.Tpo .deps/cdf_read.Plo
/bin/sh ../libtool  --tag=CC   --mode=compile /hpc/sw/gnu/gcc/9.1.0/bin/gcc -DHAVE_CONFIG_H -I. -I/hpc/uhome/jhelmert/EXTPAR_GIT/extpar/bundled/cdi/src   -I/hpc/sw/netcdf4/4.7.3/x86/gnu-9.1.0/include      -Wall -pedantic -O3 -g -pthread -MT cdf_lazy_grid.lo -MD -MP -MF .deps/cdf_lazy_grid.Tpo -c -o cdf_lazy_grid.lo /hpc/uhome/jhelmert/EXTPAR_GIT/extpar/bundled/cdi/src/cdf_lazy_grid.c
libtool: compile:  /hpc/sw/gnu/gcc/9.1.0/bin/gcc -DHAVE_CONFIG_H -I. -I/hpc/uhome/jhelmert/EXTPAR_GIT/extpar/bundled/cdi/src -I/hpc/sw/netcdf4/4.7.3/x86/gnu-9.1.0/include -Wall -pedantic -O3 -g -pthread -MT cdf_lazy_grid.lo -MD -MP -MF .deps/cdf_lazy_grid.Tpo -c /hpc/uhome/jhelmert/EXTPAR_GIT/extpar/bundled/cdi/src/cdf_lazy_grid.c  -fPIC -DPIC -o cdf_lazy_grid.o
mv -f .deps/cdf_lazy_grid.Tpo .deps/cdf_lazy_grid.Plo
/bin/sh ../libtool  --tag=CC   --mode=compile /hpc/sw/gnu/gcc/9.1.0/bin/gcc -DHAVE_CONFIG_H -I. -I/hpc/uhome/jhelmert/EXTPAR_GIT/extpar/bundled/cdi/src   -I/hpc/sw/netcdf4/4.7.3/x86/gnu-9.1.0/include      -Wall -pedantic -O3 -g -pthread -MT subtype.lo -MD -MP -MF .deps/subtype.Tpo -c -o subtype.lo /hpc/uhome/jhelmert/EXTPAR_GIT/extpar/bundled/cdi/src/subtype.c
libtool: compile:  /hpc/sw/gnu/gcc/9.1.0/bin/gcc -DHAVE_CONFIG_H -I. -I/hpc/uhome/jhelmert/EXTPAR_GIT/extpar/bundled/cdi/src -I/hpc/sw/netcdf4/4.7.3/x86/gnu-9.1.0/include -Wall -pedantic -O3 -g -pthread -MT subtype.lo -MD -MP -MF .deps/subtype.Tpo -c /hpc/uhome/jhelmert/EXTPAR_GIT/extpar/bundled/cdi/src/subtype.c  -fPIC -DPIC -o subtype.o
mv -f .deps/subtype.Tpo .deps/subtype.Plo
/bin/sh ../libtool  --tag=CC   --mode=compile /hpc/sw/gnu/gcc/9.1.0/bin/gcc -DHAVE_CONFIG_H -I. -I/hpc/uhome/jhelmert/EXTPAR_GIT/extpar/bundled/cdi/src   -I/hpc/sw/netcdf4/4.7.3/x86/gnu-9.1.0/include      -Wall -pedantic -O3 -g -pthread -MT table.lo -MD -MP -MF .deps/table.Tpo -c -o table.lo /hpc/uhome/jhelmert/EXTPAR_GIT/extpar/bundled/cdi/src/table.c
libtool: compile:  /hpc/sw/gnu/gcc/9.1.0/bin/gcc -DHAVE_CONFIG_H -I. -I/hpc/uhome/jhelmert/EXTPAR_GIT/extpar/bundled/cdi/src -I/hpc/sw/netcdf4/4.7.3/x86/gnu-9.1.0/include -Wall -pedantic -O3 -g -pthread -MT table.lo -MD -MP -MF .deps/table.Tpo -c /hpc/uhome/jhelmert/EXTPAR_GIT/extpar/bundled/cdi/src/table.c  -fPIC -DPIC -o table.o
mv -f .deps/table.Tpo .deps/table.Plo
/bin/sh ../libtool  --tag=CC   --mode=compile /hpc/sw/gnu/gcc/9.1.0/bin/gcc -DHAVE_CONFIG_H -I. -I/hpc/uhome/jhelmert/EXTPAR_GIT/extpar/bundled/cdi/src   -I/hpc/sw/netcdf4/4.7.3/x86/gnu-9.1.0/include      -Wall -pedantic -O3 -g -pthread -MT taxis.lo -MD -MP -MF .deps/taxis.Tpo -c -o taxis.lo /hpc/uhome/jhelmert/EXTPAR_GIT/extpar/bundled/cdi/src/taxis.c
libtool: compile:  /hpc/sw/gnu/gcc/9.1.0/bin/gcc -DHAVE_CONFIG_H -I. -I/hpc/uhome/jhelmert/EXTPAR_GIT/extpar/bundled/cdi/src -I/hpc/sw/netcdf4/4.7.3/x86/gnu-9.1.0/include -Wall -pedantic -O3 -g -pthread -MT taxis.lo -MD -MP -MF .deps/taxis.Tpo -c /hpc/uhome/jhelmert/EXTPAR_GIT/extpar/bundled/cdi/src/taxis.c  -fPIC -DPIC -o taxis.o
mv -f .deps/taxis.Tpo .deps/taxis.Plo
/bin/sh ../libtool  --tag=CC   --mode=compile /hpc/sw/gnu/gcc/9.1.0/bin/gcc -DHAVE_CONFIG_H -I. -I/hpc/uhome/jhelmert/EXTPAR_GIT/extpar/bundled/cdi/src   -I/hpc/sw/netcdf4/4.7.3/x86/gnu-9.1.0/include      -Wall -pedantic -O3 -g -pthread -MT timebase.lo -MD -MP -MF .deps/timebase.Tpo -c -o timebase.lo /hpc/uhome/jhelmert/EXTPAR_GIT/extpar/bundled/cdi/src/timebase.c
libtool: compile:  /hpc/sw/gnu/gcc/9.1.0/bin/gcc -DHAVE_CONFIG_H -I. -I/hpc/uhome/jhelmert/EXTPAR_GIT/extpar/bundled/cdi/src -I/hpc/sw/netcdf4/4.7.3/x86/gnu-9.1.0/include -Wall -pedantic -O3 -g -pthread -MT timebase.lo -MD -MP -MF .deps/timebase.Tpo -c /hpc/uhome/jhelmert/EXTPAR_GIT/extpar/bundled/cdi/src/timebase.c  -fPIC -DPIC -o timebase.o
mv -f .deps/timebase.Tpo .deps/timebase.Plo
/bin/sh ../libtool  --tag=CC   --mode=compile /hpc/sw/gnu/gcc/9.1.0/bin/gcc -DHAVE_CONFIG_H -I. -I/hpc/uhome/jhelmert/EXTPAR_GIT/extpar/bundled/cdi/src   -I/hpc/sw/netcdf4/4.7.3/x86/gnu-9.1.0/include      -Wall -pedantic -O3 -g -pthread -MT tsteps.lo -MD -MP -MF .deps/tsteps.Tpo -c -o tsteps.lo /hpc/uhome/jhelmert/EXTPAR_GIT/extpar/bundled/cdi/src/tsteps.c
libtool: compile:  /hpc/sw/gnu/gcc/9.1.0/bin/gcc -DHAVE_CONFIG_H -I. -I/hpc/uhome/jhelmert/EXTPAR_GIT/extpar/bundled/cdi/src -I/hpc/sw/netcdf4/4.7.3/x86/gnu-9.1.0/include -Wall -pedantic -O3 -g -pthread -MT tsteps.lo -MD -MP -MF .deps/tsteps.Tpo -c /hpc/uhome/jhelmert/EXTPAR_GIT/extpar/bundled/cdi/src/tsteps.c  -fPIC -DPIC -o tsteps.o
mv -f .deps/tsteps.Tpo .deps/tsteps.Plo
/bin/sh ../libtool  --tag=CC   --mode=compile /hpc/sw/gnu/gcc/9.1.0/bin/gcc -DHAVE_CONFIG_H -I. -I/hpc/uhome/jhelmert/EXTPAR_GIT/extpar/bundled/cdi/src   -I/hpc/sw/netcdf4/4.7.3/x86/gnu-9.1.0/include      -Wall -pedantic -O3 -g -pthread -MT util.lo -MD -MP -MF .deps/util.Tpo -c -o util.lo /hpc/uhome/jhelmert/EXTPAR_GIT/extpar/bundled/cdi/src/util.c
libtool: compile:  /hpc/sw/gnu/gcc/9.1.0/bin/gcc -DHAVE_CONFIG_H -I. -I/hpc/uhome/jhelmert/EXTPAR_GIT/extpar/bundled/cdi/src -I/hpc/sw/netcdf4/4.7.3/x86/gnu-9.1.0/include -Wall -pedantic -O3 -g -pthread -MT util.lo -MD -MP -MF .deps/util.Tpo -c /hpc/uhome/jhelmert/EXTPAR_GIT/extpar/bundled/cdi/src/util.c  -fPIC -DPIC -o util.o
mv -f .deps/util.Tpo .deps/util.Plo
/bin/sh ../libtool  --tag=CC   --mode=compile /hpc/sw/gnu/gcc/9.1.0/bin/gcc -DHAVE_CONFIG_H -I. -I/hpc/uhome/jhelmert/EXTPAR_GIT/extpar/bundled/cdi/src   -I/hpc/sw/netcdf4/4.7.3/x86/gnu-9.1.0/include      -Wall -pedantic -O3 -g -pthread -MT varscan.lo -MD -MP -MF .deps/varscan.Tpo -c -o varscan.lo /hpc/uhome/jhelmert/EXTPAR_GIT/extpar/bundled/cdi/src/varscan.c
libtool: compile:  /hpc/sw/gnu/gcc/9.1.0/bin/gcc -DHAVE_CONFIG_H -I. -I/hpc/uhome/jhelmert/EXTPAR_GIT/extpar/bundled/cdi/src -I/hpc/sw/netcdf4/4.7.3/x86/gnu-9.1.0/include -Wall -pedantic -O3 -g -pthread -MT varscan.lo -MD -MP -MF .deps/varscan.Tpo -c /hpc/uhome/jhelmert/EXTPAR_GIT/extpar/bundled/cdi/src/varscan.c  -fPIC -DPIC -o varscan.o
mv -f .deps/varscan.Tpo .deps/varscan.Plo
/bin/sh ../libtool  --tag=CC   --mode=compile /hpc/sw/gnu/gcc/9.1.0/bin/gcc -DHAVE_CONFIG_H -I. -I/hpc/uhome/jhelmert/EXTPAR_GIT/extpar/bundled/cdi/src   -I/hpc/sw/netcdf4/4.7.3/x86/gnu-9.1.0/include      -Wall -pedantic -O3 -g -pthread -MT version.lo -MD -MP -MF .deps/version.Tpo -c -o version.lo /hpc/uhome/jhelmert/EXTPAR_GIT/extpar/bundled/cdi/src/version.c
libtool: compile:  /hpc/sw/gnu/gcc/9.1.0/bin/gcc -DHAVE_CONFIG_H -I. -I/hpc/uhome/jhelmert/EXTPAR_GIT/extpar/bundled/cdi/src -I/hpc/sw/netcdf4/4.7.3/x86/gnu-9.1.0/include -Wall -pedantic -O3 -g -pthread -MT version.lo -MD -MP -MF .deps/version.Tpo -c /hpc/uhome/jhelmert/EXTPAR_GIT/extpar/bundled/cdi/src/version.c  -fPIC -DPIC -o version.o
mv -f .deps/version.Tpo .deps/version.Plo
/bin/sh ../libtool  --tag=CC   --mode=compile /hpc/sw/gnu/gcc/9.1.0/bin/gcc -DHAVE_CONFIG_H -I. -I/hpc/uhome/jhelmert/EXTPAR_GIT/extpar/bundled/cdi/src   -I/hpc/sw/netcdf4/4.7.3/x86/gnu-9.1.0/include      -Wall -pedantic -O3 -g -pthread -MT vlist.lo -MD -MP -MF .deps/vlist.Tpo -c -o vlist.lo /hpc/uhome/jhelmert/EXTPAR_GIT/extpar/bundled/cdi/src/vlist.c
libtool: compile:  /hpc/sw/gnu/gcc/9.1.0/bin/gcc -DHAVE_CONFIG_H -I. -I/hpc/uhome/jhelmert/EXTPAR_GIT/extpar/bundled/cdi/src -I/hpc/sw/netcdf4/4.7.3/x86/gnu-9.1.0/include -Wall -pedantic -O3 -g -pthread -MT vlist.lo -MD -MP -MF .deps/vlist.Tpo -c /hpc/uhome/jhelmert/EXTPAR_GIT/extpar/bundled/cdi/src/vlist.c  -fPIC -DPIC -o vlist.o
mv -f .deps/vlist.Tpo .deps/vlist.Plo
/bin/sh ../libtool  --tag=CC   --mode=compile /hpc/sw/gnu/gcc/9.1.0/bin/gcc -DHAVE_CONFIG_H -I. -I/hpc/uhome/jhelmert/EXTPAR_GIT/extpar/bundled/cdi/src   -I/hpc/sw/netcdf4/4.7.3/x86/gnu-9.1.0/include      -Wall -pedantic -O3 -g -pthread -MT cdi_key.lo -MD -MP -MF .deps/cdi_key.Tpo -c -o cdi_key.lo /hpc/uhome/jhelmert/EXTPAR_GIT/extpar/bundled/cdi/src/cdi_key.c
libtool: compile:  /hpc/sw/gnu/gcc/9.1.0/bin/gcc -DHAVE_CONFIG_H -I. -I/hpc/uhome/jhelmert/EXTPAR_GIT/extpar/bundled/cdi/src -I/hpc/sw/netcdf4/4.7.3/x86/gnu-9.1.0/include -Wall -pedantic -O3 -g -pthread -MT cdi_key.lo -MD -MP -MF .deps/cdi_key.Tpo -c /hpc/uhome/jhelmert/EXTPAR_GIT/extpar/bundled/cdi/src/cdi_key.c  -fPIC -DPIC -o cdi_key.o
mv -f .deps/cdi_key.Tpo .deps/cdi_key.Plo
/bin/sh ../libtool  --tag=CC   --mode=compile /hpc/sw/gnu/gcc/9.1.0/bin/gcc -DHAVE_CONFIG_H -I. -I/hpc/uhome/jhelmert/EXTPAR_GIT/extpar/bundled/cdi/src   -I/hpc/sw/netcdf4/4.7.3/x86/gnu-9.1.0/include      -Wall -pedantic -O3 -g -pthread -MT cdi_att.lo -MD -MP -MF .deps/cdi_att.Tpo -c -o cdi_att.lo /hpc/uhome/jhelmert/EXTPAR_GIT/extpar/bundled/cdi/src/cdi_att.c
libtool: compile:  /hpc/sw/gnu/gcc/9.1.0/bin/gcc -DHAVE_CONFIG_H -I. -I/hpc/uhome/jhelmert/EXTPAR_GIT/extpar/bundled/cdi/src -I/hpc/sw/netcdf4/4.7.3/x86/gnu-9.1.0/include -Wall -pedantic -O3 -g -pthread -MT cdi_att.lo -MD -MP -MF .deps/cdi_att.Tpo -c /hpc/uhome/jhelmert/EXTPAR_GIT/extpar/bundled/cdi/src/cdi_att.c  -fPIC -DPIC -o cdi_att.o
mv -f .deps/cdi_att.Tpo .deps/cdi_att.Plo
/bin/sh ../libtool  --tag=CC   --mode=compile /hpc/sw/gnu/gcc/9.1.0/bin/gcc -DHAVE_CONFIG_H -I. -I/hpc/uhome/jhelmert/EXTPAR_GIT/extpar/bundled/cdi/src   -I/hpc/sw/netcdf4/4.7.3/x86/gnu-9.1.0/include      -Wall -pedantic -O3 -g -pthread -MT vlist_var.lo -MD -MP -MF .deps/vlist_var.Tpo -c -o vlist_var.lo /hpc/uhome/jhelmert/EXTPAR_GIT/extpar/bundled/cdi/src/vlist_var.c
libtool: compile:  /hpc/sw/gnu/gcc/9.1.0/bin/gcc -DHAVE_CONFIG_H -I. -I/hpc/uhome/jhelmert/EXTPAR_GIT/extpar/bundled/cdi/src -I/hpc/sw/netcdf4/4.7.3/x86/gnu-9.1.0/include -Wall -pedantic -O3 -g -pthread -MT vlist_var.lo -MD -MP -MF .deps/vlist_var.Tpo -c /hpc/uhome/jhelmert/EXTPAR_GIT/extpar/bundled/cdi/src/vlist_var.c  -fPIC -DPIC -o vlist_var.o
mv -f .deps/vlist_var.Tpo .deps/vlist_var.Plo
/bin/sh ../libtool  --tag=CC   --mode=compile /hpc/sw/gnu/gcc/9.1.0/bin/gcc -DHAVE_CONFIG_H -I. -I/hpc/uhome/jhelmert/EXTPAR_GIT/extpar/bundled/cdi/src   -I/hpc/sw/netcdf4/4.7.3/x86/gnu-9.1.0/include      -Wall -pedantic -O3 -g -pthread -MT zaxis.lo -MD -MP -MF .deps/zaxis.Tpo -c -o zaxis.lo /hpc/uhome/jhelmert/EXTPAR_GIT/extpar/bundled/cdi/src/zaxis.c
libtool: compile:  /hpc/sw/gnu/gcc/9.1.0/bin/gcc -DHAVE_CONFIG_H -I. -I/hpc/uhome/jhelmert/EXTPAR_GIT/extpar/bundled/cdi/src -I/hpc/sw/netcdf4/4.7.3/x86/gnu-9.1.0/include -Wall -pedantic -O3 -g -pthread -MT zaxis.lo -MD -MP -MF .deps/zaxis.Tpo -c /hpc/uhome/jhelmert/EXTPAR_GIT/extpar/bundled/cdi/src/zaxis.c  -fPIC -DPIC -o zaxis.o
mv -f .deps/zaxis.Tpo .deps/zaxis.Plo
/bin/sh ../libtool  --tag=CC   --mode=compile /hpc/sw/gnu/gcc/9.1.0/bin/gcc -DHAVE_CONFIG_H -I. -I/hpc/uhome/jhelmert/EXTPAR_GIT/extpar/bundled/cdi/src   -I/hpc/sw/netcdf4/4.7.3/x86/gnu-9.1.0/include      -Wall -pedantic -O3 -g -pthread -MT stream.lo -MD -MP -MF .deps/stream.Tpo -c -o stream.lo /hpc/uhome/jhelmert/EXTPAR_GIT/extpar/bundled/cdi/src/stream.c
libtool: compile:  /hpc/sw/gnu/gcc/9.1.0/bin/gcc -DHAVE_CONFIG_H -I. -I/hpc/uhome/jhelmert/EXTPAR_GIT/extpar/bundled/cdi/src -I/hpc/sw/netcdf4/4.7.3/x86/gnu-9.1.0/include -Wall -pedantic -O3 -g -pthread -MT stream.lo -MD -MP -MF .deps/stream.Tpo -c /hpc/uhome/jhelmert/EXTPAR_GIT/extpar/bundled/cdi/src/stream.c  -fPIC -DPIC -o stream.o
mv -f .deps/stream.Tpo .deps/stream.Plo
/bin/sh ../libtool  --tag=CC   --mode=compile /hpc/sw/gnu/gcc/9.1.0/bin/gcc -DHAVE_CONFIG_H -I. -I/hpc/uhome/jhelmert/EXTPAR_GIT/extpar/bundled/cdi/src   -I/hpc/sw/netcdf4/4.7.3/x86/gnu-9.1.0/include      -Wall -pedantic -O3 -g -pthread -MT stream_write.lo -MD -MP -MF .deps/stream_write.Tpo -c -o stream_write.lo /hpc/uhome/jhelmert/EXTPAR_GIT/extpar/bundled/cdi/src/stream_write.c
libtool: compile:  /hpc/sw/gnu/gcc/9.1.0/bin/gcc -DHAVE_CONFIG_H -I. -I/hpc/uhome/jhelmert/EXTPAR_GIT/extpar/bundled/cdi/src -I/hpc/sw/netcdf4/4.7.3/x86/gnu-9.1.0/include -Wall -pedantic -O3 -g -pthread -MT stream_write.lo -MD -MP -MF .deps/stream_write.Tpo -c /hpc/uhome/jhelmert/EXTPAR_GIT/extpar/bundled/cdi/src/stream_write.c  -fPIC -DPIC -o stream_write.o
mv -f .deps/stream_write.Tpo .deps/stream_write.Plo
/bin/sh ../libtool  --tag=CC   --mode=compile /hpc/sw/gnu/gcc/9.1.0/bin/gcc -DHAVE_CONFIG_H -I. -I/hpc/uhome/jhelmert/EXTPAR_GIT/extpar/bundled/cdi/src   -I/hpc/sw/netcdf4/4.7.3/x86/gnu-9.1.0/include      -Wall -pedantic -O3 -g -pthread -MT stream_read.lo -MD -MP -MF .deps/stream_read.Tpo -c -o stream_read.lo /hpc/uhome/jhelmert/EXTPAR_GIT/extpar/bundled/cdi/src/stream_read.c
libtool: compile:  /hpc/sw/gnu/gcc/9.1.0/bin/gcc -DHAVE_CONFIG_H -I. -I/hpc/uhome/jhelmert/EXTPAR_GIT/extpar/bundled/cdi/src -I/hpc/sw/netcdf4/4.7.3/x86/gnu-9.1.0/include -Wall -pedantic -O3 -g -pthread -MT stream_read.lo -MD -MP -MF .deps/stream_read.Tpo -c /hpc/uhome/jhelmert/EXTPAR_GIT/extpar/bundled/cdi/src/stream_read.c  -fPIC -DPIC -o stream_read.o
mv -f .deps/stream_read.Tpo .deps/stream_read.Plo
/bin/sh ../libtool  --tag=CC   --mode=compile /hpc/sw/gnu/gcc/9.1.0/bin/gcc -DHAVE_CONFIG_H -I. -I/hpc/uhome/jhelmert/EXTPAR_GIT/extpar/bundled/cdi/src   -I/hpc/sw/netcdf4/4.7.3/x86/gnu-9.1.0/include      -Wall -pedantic -O3 -g -pthread -MT swap.lo -MD -MP -MF .deps/swap.Tpo -c -o swap.lo /hpc/uhome/jhelmert/EXTPAR_GIT/extpar/bundled/cdi/src/swap.c
libtool: compile:  /hpc/sw/gnu/gcc/9.1.0/bin/gcc -DHAVE_CONFIG_H -I. -I/hpc/uhome/jhelmert/EXTPAR_GIT/extpar/bundled/cdi/src -I/hpc/sw/netcdf4/4.7.3/x86/gnu-9.1.0/include -Wall -pedantic -O3 -g -pthread -MT swap.lo -MD -MP -MF .deps/swap.Tpo -c /hpc/uhome/jhelmert/EXTPAR_GIT/extpar/bundled/cdi/src/swap.c  -fPIC -DPIC -o swap.o
mv -f .deps/swap.Tpo .deps/swap.Plo
/bin/sh ../libtool  --tag=CC   --mode=compile /hpc/sw/gnu/gcc/9.1.0/bin/gcc -DHAVE_CONFIG_H -I. -I/hpc/uhome/jhelmert/EXTPAR_GIT/extpar/bundled/cdi/src   -I/hpc/sw/netcdf4/4.7.3/x86/gnu-9.1.0/include      -Wall -pedantic -O3 -g -pthread -MT iterator.lo -MD -MP -MF .deps/iterator.Tpo -c -o iterator.lo /hpc/uhome/jhelmert/EXTPAR_GIT/extpar/bundled/cdi/src/iterator.c
libtool: compile:  /hpc/sw/gnu/gcc/9.1.0/bin/gcc -DHAVE_CONFIG_H -I. -I/hpc/uhome/jhelmert/EXTPAR_GIT/extpar/bundled/cdi/src -I/hpc/sw/netcdf4/4.7.3/x86/gnu-9.1.0/include -Wall -pedantic -O3 -g -pthread -MT iterator.lo -MD -MP -MF .deps/iterator.Tpo -c /hpc/uhome/jhelmert/EXTPAR_GIT/extpar/bundled/cdi/src/iterator.c  -fPIC -DPIC -o iterator.o
mv -f .deps/iterator.Tpo .deps/iterator.Plo
/bin/sh ../libtool  --tag=CC   --mode=compile /hpc/sw/gnu/gcc/9.1.0/bin/gcc -DHAVE_CONFIG_H -I. -I/hpc/uhome/jhelmert/EXTPAR_GIT/extpar/bundled/cdi/src   -I/hpc/sw/netcdf4/4.7.3/x86/gnu-9.1.0/include      -Wall -pedantic -O3 -g -pthread -MT iterator_fallback.lo -MD -MP -MF .deps/iterator_fallback.Tpo -c -o iterator_fallback.lo /hpc/uhome/jhelmert/EXTPAR_GIT/extpar/bundled/cdi/src/iterator_fallback.c
libtool: compile:  /hpc/sw/gnu/gcc/9.1.0/bin/gcc -DHAVE_CONFIG_H -I. -I/hpc/uhome/jhelmert/EXTPAR_GIT/extpar/bundled/cdi/src -I/hpc/sw/netcdf4/4.7.3/x86/gnu-9.1.0/include -Wall -pedantic -O3 -g -pthread -MT iterator_fallback.lo -MD -MP -MF .deps/iterator_fallback.Tpo -c /hpc/uhome/jhelmert/EXTPAR_GIT/extpar/bundled/cdi/src/iterator_fallback.c  -fPIC -DPIC -o iterator_fallback.o
mv -f .deps/iterator_fallback.Tpo .deps/iterator_fallback.Plo
/bin/sh ../libtool  --tag=CC   --mode=compile /hpc/sw/gnu/gcc/9.1.0/bin/gcc -DHAVE_CONFIG_H -I. -I/hpc/uhome/jhelmert/EXTPAR_GIT/extpar/bundled/cdi/src   -I/hpc/sw/netcdf4/4.7.3/x86/gnu-9.1.0/include      -Wall -pedantic -O3 -g -pthread -MT iterator_grib.lo -MD -MP -MF .deps/iterator_grib.Tpo -c -o iterator_grib.lo /hpc/uhome/jhelmert/EXTPAR_GIT/extpar/bundled/cdi/src/iterator_grib.c
libtool: compile:  /hpc/sw/gnu/gcc/9.1.0/bin/gcc -DHAVE_CONFIG_H -I. -I/hpc/uhome/jhelmert/EXTPAR_GIT/extpar/bundled/cdi/src -I/hpc/sw/netcdf4/4.7.3/x86/gnu-9.1.0/include -Wall -pedantic -O3 -g -pthread -MT iterator_grib.lo -MD -MP -MF .deps/iterator_grib.Tpo -c /hpc/uhome/jhelmert/EXTPAR_GIT/extpar/bundled/cdi/src/iterator_grib.c  -fPIC -DPIC -o iterator_grib.o
mv -f .deps/iterator_grib.Tpo .deps/iterator_grib.Plo
/bin/sh ../libtool  --tag=CC   --mode=link /hpc/sw/gnu/gcc/9.1.0/bin/gcc    -Wall -pedantic -O3 -g -pthread  -L/hpc/sw/netcdf4/4.7.3/x86/gnu-9.1.0/lib  -o libcdi.la -rpath /usr/local/lib async_worker.lo basetime.lo binary.lo calendar.lo cdf.lo cdf_int.lo cdf_util.lo cdi_error.lo cdi_util.lo cgribexlib.lo dmemory.lo cksum.lo cdi_cksum.lo error.lo extralib.lo file.lo gaussgrid.lo gribapi.lo grid.lo ieglib.lo input_file.lo institution.lo model.lo namespace.lo serialize.lo referenceCounting.lo resource_handle.lo servicelib.lo stream_cdf_i.lo stream_cdf_o.lo stream_cdf_time.lo stream_cgribex.lo stream_ext.lo stream_grb.lo stream_history.lo stream_ieg.lo cdi_int.lo stream_scan.lo stream_record.lo stream_srv.lo stream_var.lo grb_write.lo grb_read.lo cdf_write.lo cdf_read.lo cdf_lazy_grid.lo subtype.lo table.lo taxis.lo timebase.lo tsteps.lo util.lo varscan.lo version.lo vlist.lo cdi_key.lo cdi_att.lo vlist_var.lo zaxis.lo stream.lo stream_write.lo stream_read.lo swap.lo iterator.lo iterator_fallback.lo iterator_grib.lo    -lnetcdf  -lm  -luuid -L/hpc/sw/hdf5/1.10.5/x86/intel/lib -L/hpc/sw/netcdf4/4.7.3/x86/intel/lib -lnetcdf -lnetcdff -lhdf5_hl -lhdf5
libtool: link: ar cru .libs/libcdi.a  async_worker.o basetime.o binary.o calendar.o cdf.o cdf_int.o cdf_util.o cdi_error.o cdi_util.o cgribexlib.o dmemory.o cksum.o cdi_cksum.o error.o extralib.o file.o gaussgrid.o gribapi.o grid.o ieglib.o input_file.o institution.o model.o namespace.o serialize.o referenceCounting.o resource_handle.o servicelib.o stream_cdf_i.o stream_cdf_o.o stream_cdf_time.o stream_cgribex.o stream_ext.o stream_grb.o stream_history.o stream_ieg.o cdi_int.o stream_scan.o stream_record.o stream_srv.o stream_var.o grb_write.o grb_read.o cdf_write.o cdf_read.o cdf_lazy_grid.o subtype.o table.o taxis.o timebase.o tsteps.o util.o varscan.o version.o vlist.o cdi_key.o cdi_att.o vlist_var.o zaxis.o stream.o stream_write.o stream_read.o swap.o iterator.o iterator_fallback.o iterator_grib.o
libtool: link: ranlib .libs/libcdi.a
libtool: link: ( cd ".libs" && rm -f "libcdi.la" && ln -s "../libcdi.la" "libcdi.la" )
/bin/sh ../libtool  --tag=FC   --mode=compile /hpc/sw/gnu/gcc/9.1.0/bin/gfortran  -cpp -Wall -pedantic -fbacktrace -O3 -g -fopenmp -ffree-line-length-256 -c -o mo_cdi.lo  /hpc/uhome/jhelmert/EXTPAR_GIT/extpar/bundled/cdi/src/mo_cdi.f90
libtool: compile:  /hpc/sw/gnu/gcc/9.1.0/bin/gfortran -cpp -Wall -pedantic -fbacktrace -O3 -g -fopenmp -ffree-line-length-256 -c /hpc/uhome/jhelmert/EXTPAR_GIT/extpar/bundled/cdi/src/mo_cdi.f90  -fPIC -o mo_cdi.o
/bin/sh ../libtool  --tag=FC   --mode=link /hpc/sw/gnu/gcc/9.1.0/bin/gfortran  -cpp -Wall -pedantic -fbacktrace -O3 -g -fopenmp -ffree-line-length-256  -L/hpc/sw/netcdf4/4.7.3/x86/gnu-9.1.0/lib  -o libcdi_f2003.la -rpath /usr/local/lib mo_cdi.lo libcdi.la -lnetcdf  -lm  -luuid -L/hpc/sw/hdf5/1.10.5/x86/intel/lib -L/hpc/sw/netcdf4/4.7.3/x86/intel/lib -lnetcdf -lnetcdff -lhdf5_hl -lhdf5
libtool: link: ar cru .libs/libcdi_f2003.a  mo_cdi.o
libtool: link: ranlib .libs/libcdi_f2003.a
libtool: link: ( cd ".libs" && rm -f "libcdi_f2003.la" && ln -s "../libcdi_f2003.la" "libcdi_f2003.la" )
/bin/sh ../libtool  --tag=CC   --mode=compile /hpc/sw/gnu/gcc/9.1.0/bin/gcc -DHAVE_CONFIG_H -I. -I/hpc/uhome/jhelmert/EXTPAR_GIT/extpar/bundled/cdi/src   -I/hpc/sw/netcdf4/4.7.3/x86/gnu-9.1.0/include      -Wall -pedantic -O3 -g -pthread -MT resource_unpack.lo -MD -MP -MF .deps/resource_unpack.Tpo -c -o resource_unpack.lo /hpc/uhome/jhelmert/EXTPAR_GIT/extpar/bundled/cdi/src/resource_unpack.c
libtool: compile:  /hpc/sw/gnu/gcc/9.1.0/bin/gcc -DHAVE_CONFIG_H -I. -I/hpc/uhome/jhelmert/EXTPAR_GIT/extpar/bundled/cdi/src -I/hpc/sw/netcdf4/4.7.3/x86/gnu-9.1.0/include -Wall -pedantic -O3 -g -pthread -MT resource_unpack.lo -MD -MP -MF .deps/resource_unpack.Tpo -c /hpc/uhome/jhelmert/EXTPAR_GIT/extpar/bundled/cdi/src/resource_unpack.c  -fPIC -DPIC -o resource_unpack.o
mv -f .deps/resource_unpack.Tpo .deps/resource_unpack.Plo
/bin/sh ../libtool  --tag=CC   --mode=link /hpc/sw/gnu/gcc/9.1.0/bin/gcc    -Wall -pedantic -O3 -g -pthread  -L/hpc/sw/netcdf4/4.7.3/x86/gnu-9.1.0/lib  -o libcdiresunpack.la  resource_unpack.lo  -lnetcdf  -lm  -luuid -L/hpc/sw/hdf5/1.10.5/x86/intel/lib -L/hpc/sw/netcdf4/4.7.3/x86/intel/lib -lnetcdf -lnetcdff -lhdf5_hl -lhdf5
libtool: link: ar cru .libs/libcdiresunpack.a  resource_unpack.o
libtool: link: ranlib .libs/libcdiresunpack.a
libtool: link: ( cd ".libs" && rm -f "libcdiresunpack.la" && ln -s "../libcdiresunpack.la" "libcdiresunpack.la" )
(cd .. ; ./config.status src/pkgconfig/cdi.pc)
config.status: creating src/pkgconfig/cdi.pc
(cd .. ; ./config.status src/pkgconfig/cdi_f2003.pc)
config.status: creating src/pkgconfig/cdi_f2003.pc
gmake[3]: Leaving directory `/hpc/uhome/jhelmert/EXTPAR_GIT/extpar/build/bundled/cdi/src'
gmake[2]: Leaving directory `/hpc/uhome/jhelmert/EXTPAR_GIT/extpar/build/bundled/cdi/src'
Making all in interfaces
gmake[2]: Entering directory `/hpc/uhome/jhelmert/EXTPAR_GIT/extpar/build/bundled/cdi/interfaces'
gmake[2]: Nothing to be done for `all'.
gmake[2]: Leaving directory `/hpc/uhome/jhelmert/EXTPAR_GIT/extpar/build/bundled/cdi/interfaces'
Making all in examples
gmake[2]: Entering directory `/hpc/uhome/jhelmert/EXTPAR_GIT/extpar/build/bundled/cdi/examples'
gmake[2]: Nothing to be done for `all'.
gmake[2]: Leaving directory `/hpc/uhome/jhelmert/EXTPAR_GIT/extpar/build/bundled/cdi/examples'
Making all in examples/pio
gmake[2]: Entering directory `/hpc/uhome/jhelmert/EXTPAR_GIT/extpar/build/bundled/cdi/examples/pio'
gmake[2]: Nothing to be done for `all'.
gmake[2]: Leaving directory `/hpc/uhome/jhelmert/EXTPAR_GIT/extpar/build/bundled/cdi/examples/pio'
Making all in tests
gmake[2]: Entering directory `/hpc/uhome/jhelmert/EXTPAR_GIT/extpar/build/bundled/cdi/tests'
gmake[2]: Nothing to be done for `all'.
gmake[2]: Leaving directory `/hpc/uhome/jhelmert/EXTPAR_GIT/extpar/build/bundled/cdi/tests'
gmake[2]: Entering directory `/hpc/uhome/jhelmert/EXTPAR_GIT/extpar/build/bundled/cdi'
gmake[2]: Nothing to be done for `all-am'.
gmake[2]: Leaving directory `/hpc/uhome/jhelmert/EXTPAR_GIT/extpar/build/bundled/cdi'
gmake[1]: Leaving directory `/hpc/uhome/jhelmert/EXTPAR_GIT/extpar/build/bundled/cdi'
/hpc/sw/gnu/gcc/9.1.0/bin/gfortran -o src/mo_kind.o -c -Imod -Jmod -Ibundled/cdi/src  -I/hpc/sw/netcdf4/4.7.3/x86/gnu-9.1.0/include  -cpp -Wall -pedantic -fbacktrace -O3 -g -fopenmp -ffree-line-length-256   /hpc/uhome/jhelmert/EXTPAR_GIT/extpar/src/mo_kind.f90
/hpc/sw/gnu/gcc/9.1.0/bin/gfortran -o src/mo_physical_constants.o -c -Imod -Jmod -Ibundled/cdi/src  -I/hpc/sw/netcdf4/4.7.3/x86/gnu-9.1.0/include  -cpp -Wall -pedantic -fbacktrace -O3 -g -fopenmp -ffree-line-length-256   /hpc/uhome/jhelmert/EXTPAR_GIT/extpar/src/mo_physical_constants.f90
/hpc/sw/gnu/gcc/9.1.0/bin/gfortran -o src/mo_io_units.o -c -Imod -Jmod -Ibundled/cdi/src  -I/hpc/sw/netcdf4/4.7.3/x86/gnu-9.1.0/include  -cpp -Wall -pedantic -fbacktrace -O3 -g -fopenmp -ffree-line-length-256   /hpc/uhome/jhelmert/EXTPAR_GIT/extpar/src/mo_io_units.f90
/hpc/sw/gnu/gcc/9.1.0/bin/gfortran -o src/mo_logging.o -c -Imod -Jmod -Ibundled/cdi/src  -I/hpc/sw/netcdf4/4.7.3/x86/gnu-9.1.0/include  -cpp -Wall -pedantic -fbacktrace -O3 -g -fopenmp -ffree-line-length-256   /hpc/uhome/jhelmert/EXTPAR_GIT/extpar/src/mo_logging.f90
/hpc/sw/gnu/gcc/9.1.0/bin/gfortran -o src/mo_io_utilities.o -c -Imod -Jmod -Ibundled/cdi/src  -I/hpc/sw/netcdf4/4.7.3/x86/gnu-9.1.0/include  -cpp -Wall -pedantic -fbacktrace -O3 -g -fopenmp -ffree-line-length-256   /hpc/uhome/jhelmert/EXTPAR_GIT/extpar/src/mo_io_utilities.f90
/hpc/sw/gnu/gcc/9.1.0/bin/gfortran -o src/mo_python_data.o -c -Imod -Jmod -Ibundled/cdi/src  -I/hpc/sw/netcdf4/4.7.3/x86/gnu-9.1.0/include  -cpp -Wall -pedantic -fbacktrace -O3 -g -fopenmp -ffree-line-length-256   /hpc/uhome/jhelmert/EXTPAR_GIT/extpar/src/mo_python_data.f90
/hpc/sw/gnu/gcc/9.1.0/bin/gfortran -o src/mo_grid_structures.o -c -Imod -Jmod -Ibundled/cdi/src  -I/hpc/sw/netcdf4/4.7.3/x86/gnu-9.1.0/include  -cpp -Wall -pedantic -fbacktrace -O3 -g -fopenmp -ffree-line-length-256   /hpc/uhome/jhelmert/EXTPAR_GIT/extpar/src/mo_grid_structures.f90
/hpc/sw/gnu/gcc/9.1.0/bin/gfortran -o src/mo_soil_data.o -c -Imod -Jmod -Ibundled/cdi/src  -I/hpc/sw/netcdf4/4.7.3/x86/gnu-9.1.0/include  -cpp -Wall -pedantic -fbacktrace -O3 -g -fopenmp -ffree-line-length-256   /hpc/uhome/jhelmert/EXTPAR_GIT/extpar/src/mo_soil_data.f90
/hpc/sw/gnu/gcc/9.1.0/bin/gcc -o src/util_mmap_cache.o -c -Wall -pedantic -O3 -g -Isrc -DHAVE_CONFIG_H  /hpc/uhome/jhelmert/EXTPAR_GIT/extpar/src/util_mmap_cache.c
/hpc/sw/gnu/gcc/9.1.0/bin/gfortran -o src/mo_util_mmap_cache.o -c -Imod -Jmod -Ibundled/cdi/src  -I/hpc/sw/netcdf4/4.7.3/x86/gnu-9.1.0/include  -cpp -Wall -pedantic -fbacktrace -O3 -g -fopenmp -ffree-line-length-256   /hpc/uhome/jhelmert/EXTPAR_GIT/extpar/src/mo_util_mmap_cache.f90
/hpc/sw/gnu/gcc/9.1.0/bin/gfortran -o src/mo_array_cache.o -c -Imod -Jmod -Ibundled/cdi/src  -I/hpc/sw/netcdf4/4.7.3/x86/gnu-9.1.0/include  -cpp -Wall -pedantic -fbacktrace -O3 -g -fopenmp -ffree-line-length-256   /hpc/uhome/jhelmert/EXTPAR_GIT/extpar/src/mo_array_cache.f90
/hpc/sw/gnu/gcc/9.1.0/bin/gfortran -o src/mo_topo_tg_fields.o -c -Imod -Jmod -Ibundled/cdi/src  -I/hpc/sw/netcdf4/4.7.3/x86/gnu-9.1.0/include  -cpp -Wall -pedantic -fbacktrace -O3 -g -fopenmp -ffree-line-length-256   /hpc/uhome/jhelmert/EXTPAR_GIT/extpar/src/mo_topo_tg_fields.f90
/hpc/sw/gnu/gcc/9.1.0/bin/gfortran -o src/mo_topo_data.o -c -Imod -Jmod -Ibundled/cdi/src  -I/hpc/sw/netcdf4/4.7.3/x86/gnu-9.1.0/include  -cpp -Wall -pedantic -fbacktrace -O3 -g -fopenmp -ffree-line-length-256   /hpc/uhome/jhelmert/EXTPAR_GIT/extpar/src/mo_topo_data.f90
/hpc/sw/gnu/gcc/9.1.0/bin/gfortran -o src/mo_utilities_extpar.o -c -Imod -Jmod -Ibundled/cdi/src  -I/hpc/sw/netcdf4/4.7.3/x86/gnu-9.1.0/include  -cpp -Wall -pedantic -fbacktrace -O3 -g -fopenmp -ffree-line-length-256   /hpc/uhome/jhelmert/EXTPAR_GIT/extpar/src/mo_utilities_extpar.f90
/hpc/sw/gnu/gcc/9.1.0/bin/gfortran -o src/mo_aot_target_fields.o -c -Imod -Jmod -Ibundled/cdi/src  -I/hpc/sw/netcdf4/4.7.3/x86/gnu-9.1.0/include  -cpp -Wall -pedantic -fbacktrace -O3 -g -fopenmp -ffree-line-length-256   /hpc/uhome/jhelmert/EXTPAR_GIT/extpar/src/mo_aot_target_fields.f90
/hpc/sw/gnu/gcc/9.1.0/bin/gfortran -o src/mo_aot_data.o -c -Imod -Jmod -Ibundled/cdi/src  -I/hpc/sw/netcdf4/4.7.3/x86/gnu-9.1.0/include  -cpp -Wall -pedantic -fbacktrace -O3 -g -fopenmp -ffree-line-length-256   /hpc/uhome/jhelmert/EXTPAR_GIT/extpar/src/mo_aot_data.f90
/hpc/sw/gnu/gcc/9.1.0/bin/gfortran -o src/mo_var_meta_data.o -c -Imod -Jmod -Ibundled/cdi/src  -I/hpc/sw/netcdf4/4.7.3/x86/gnu-9.1.0/include  -cpp -Wall -pedantic -fbacktrace -O3 -g -fopenmp -ffree-line-length-256   /hpc/uhome/jhelmert/EXTPAR_GIT/extpar/src/mo_var_meta_data.f90
/hpc/sw/gnu/gcc/9.1.0/bin/gfortran -o src/mo_aot_output_nc.o -c -Imod -Jmod -Ibundled/cdi/src  -I/hpc/sw/netcdf4/4.7.3/x86/gnu-9.1.0/include  -cpp -Wall -pedantic -fbacktrace -O3 -g -fopenmp -ffree-line-length-256   /hpc/uhome/jhelmert/EXTPAR_GIT/extpar/src/mo_aot_output_nc.f90
/hpc/sw/gnu/gcc/9.1.0/bin/gfortran -o src/mo_target_grid_data.o -c -Imod -Jmod -Ibundled/cdi/src  -I/hpc/sw/netcdf4/4.7.3/x86/gnu-9.1.0/include  -cpp -Wall -pedantic -fbacktrace -O3 -g -fopenmp -ffree-line-length-256   /hpc/uhome/jhelmert/EXTPAR_GIT/extpar/src/mo_target_grid_data.f90
/hpc/sw/gnu/gcc/9.1.0/bin/gfortran -o src/mo_cosmo_grid.o -c -Imod -Jmod -Ibundled/cdi/src  -I/hpc/sw/netcdf4/4.7.3/x86/gnu-9.1.0/include  -cpp -Wall -pedantic -fbacktrace -O3 -g -fopenmp -ffree-line-length-256   /hpc/uhome/jhelmert/EXTPAR_GIT/extpar/src/mo_cosmo_grid.f90
:;{ \
  echo 'Compiler command : /hpc/sw/gnu/gcc/9.1.0/bin/gfortran' && \
  echo 'Compiler version : gnu 9.1.0' && \
  echo 'Compiler includes: -I/hpc/sw/netcdf4/4.7.3/x86/gnu-9.1.0/include ' && \
  echo 'Compiler flags   : -cpp -Wall -pedantic -fbacktrace -O3 -g -fopenmp -ffree-line-length-256 ' && \
  echo 'Linker command   : /hpc/sw/gnu/gcc/9.1.0/bin/gfortran' && \
  echo 'Linker version   : gnu 9.1.0' && \
  echo 'Linker flags     : -cpp -Wall -pedantic -fbacktrace -O3 -g -fopenmp -ffree-line-length-256  -L/hpc/sw/netcdf4/4.7.3/x86/gnu-9.1.0/lib  -pthread -Wl,-rpath -Wl,/hpc/sw/netcdf4/4.7.3/x86/gnu-9.1.0/lib -Wl,-rpath -Wl,/hpc/sw/hdf5/1.10.5/x86/intel/lib -Wl,-rpath -Wl,/hpc/sw/netcdf4/4.7.3/x86/intel/lib' && \
  echo 'Linker libraries : -L/hpc/sw/netcdf4/4.7.3/x86/gnu-9.1.0/lib -Wl,-rpath -Wl,/hpc/sw/netcdf4/4.7.3/x86/gnu-9.1.0/lib -lnetcdff  -lnetcdf  -lm  -luuid -L/hpc/sw/hdf5/1.10.5/x86/intel/lib -L/hpc/sw/netcdf4/4.7.3/x86/intel/lib -lnetcdf -lnetcdff -lhdf5_hl -lhdf5'; \
} >.fconfig && \
/hpc/uhome/jhelmert/EXTPAR_GIT/extpar/bin/gen_info.sh .fconfig '/hpc/uhome/jhelmert/EXTPAR_GIT/extpar/src' 'src' || exit 1; \
rm -f .fconfig && test -f /hpc/uhome/jhelmert/EXTPAR_GIT/extpar/build/src/info_extpar.f90
/hpc/sw/gnu/gcc/9.1.0/bin/gfortran -o /hpc/uhome/jhelmert/EXTPAR_GIT/extpar/build/src/info_extpar.o -c -Imod -Jmod -Ibundled/cdi/src  -I/hpc/sw/netcdf4/4.7.3/x86/gnu-9.1.0/include  -cpp -Wall -pedantic -fbacktrace -O3 -g -fopenmp -ffree-line-length-256   /hpc/uhome/jhelmert/EXTPAR_GIT/extpar/build/src/info_extpar.f90
/hpc/sw/gnu/gcc/9.1.0/bin/gfortran -o src/mo_read_extpar_namelists.o -c -Imod -Jmod -Ibundled/cdi/src  -I/hpc/sw/netcdf4/4.7.3/x86/gnu-9.1.0/include  -cpp -Wall -pedantic -fbacktrace -O3 -g -fopenmp -ffree-line-length-256   /hpc/uhome/jhelmert/EXTPAR_GIT/extpar/src/mo_read_extpar_namelists.f90
/hpc/sw/gnu/gcc/9.1.0/bin/gfortran -o src/mo_math_constants.o -c -Imod -Jmod -Ibundled/cdi/src  -I/hpc/sw/netcdf4/4.7.3/x86/gnu-9.1.0/include  -cpp -Wall -pedantic -fbacktrace -O3 -g -fopenmp -ffree-line-length-256   /hpc/uhome/jhelmert/EXTPAR_GIT/extpar/src/mo_math_constants.f90
/hpc/sw/gnu/gcc/9.1.0/bin/gfortran -o src/mo_base_geometry.o -c -Imod -Jmod -Ibundled/cdi/src  -I/hpc/sw/netcdf4/4.7.3/x86/gnu-9.1.0/include  -cpp -Wall -pedantic -fbacktrace -O3 -g -fopenmp -ffree-line-length-256   /hpc/uhome/jhelmert/EXTPAR_GIT/extpar/src/mo_base_geometry.f90
/hpc/sw/gnu/gcc/9.1.0/bin/gfortran -o src/mo_icon_domain.o -c -Imod -Jmod -Ibundled/cdi/src  -I/hpc/sw/netcdf4/4.7.3/x86/gnu-9.1.0/include  -cpp -Wall -pedantic -fbacktrace -O3 -g -fopenmp -ffree-line-length-256   /hpc/uhome/jhelmert/EXTPAR_GIT/extpar/src/mo_icon_domain.f90
/hpc/sw/gnu/gcc/9.1.0/bin/gfortran -o src/mo_icon_grid_data.o -c -Imod -Jmod -Ibundled/cdi/src  -I/hpc/sw/netcdf4/4.7.3/x86/gnu-9.1.0/include  -cpp -Wall -pedantic -fbacktrace -O3 -g -fopenmp -ffree-line-length-256   /hpc/uhome/jhelmert/EXTPAR_GIT/extpar/src/mo_icon_grid_data.f90
/hpc/sw/gnu/gcc/9.1.0/bin/gfortran -o src/mo_additional_geometry.o -c -Imod -Jmod -Ibundled/cdi/src  -I/hpc/sw/netcdf4/4.7.3/x86/gnu-9.1.0/include  -cpp -Wall -pedantic -fbacktrace -O3 -g -fopenmp -ffree-line-length-256   /hpc/uhome/jhelmert/EXTPAR_GIT/extpar/src/mo_additional_geometry.f90
/hpc/sw/gnu/gcc/9.1.0/bin/gfortran -o src/mo_icon_grid_routines.o -c -Imod -Jmod -Ibundled/cdi/src  -I/hpc/sw/netcdf4/4.7.3/x86/gnu-9.1.0/include  -cpp -Wall -pedantic -fbacktrace -O3 -g -fopenmp -ffree-line-length-256   /hpc/uhome/jhelmert/EXTPAR_GIT/extpar/src/mo_icon_grid_routines.f90
/hpc/sw/gnu/gcc/9.1.0/bin/gfortran -o src/mo_target_grid_routines.o -c -Imod -Jmod -Ibundled/cdi/src  -I/hpc/sw/netcdf4/4.7.3/x86/gnu-9.1.0/include  -cpp -Wall -pedantic -fbacktrace -O3 -g -fopenmp -ffree-line-length-256   /hpc/uhome/jhelmert/EXTPAR_GIT/extpar/src/mo_target_grid_routines.f90
/hpc/sw/gnu/gcc/9.1.0/bin/gfortran -o src/mo_search_ll_grid.o -c -Imod -Jmod -Ibundled/cdi/src  -I/hpc/sw/netcdf4/4.7.3/x86/gnu-9.1.0/include  -cpp -Wall -pedantic -fbacktrace -O3 -g -fopenmp -ffree-line-length-256   /hpc/uhome/jhelmert/EXTPAR_GIT/extpar/src/mo_search_ll_grid.f90
/hpc/sw/gnu/gcc/9.1.0/bin/gfortran -o src/mo_bilinterpol.o -c -Imod -Jmod -Ibundled/cdi/src  -I/hpc/sw/netcdf4/4.7.3/x86/gnu-9.1.0/include  -cpp -Wall -pedantic -fbacktrace -O3 -g -fopenmp -ffree-line-length-256   /hpc/uhome/jhelmert/EXTPAR_GIT/extpar/src/mo_bilinterpol.f90
/hpc/sw/gnu/gcc/9.1.0/bin/gfortran -o src/mo_agg_aot.o -c -Imod -Jmod -Ibundled/cdi/src  -I/hpc/sw/netcdf4/4.7.3/x86/gnu-9.1.0/include  -cpp -Wall -pedantic -fbacktrace -O3 -g -fopenmp -ffree-line-length-256   /hpc/uhome/jhelmert/EXTPAR_GIT/extpar/src/mo_agg_aot.f90
/hpc/sw/gnu/gcc/9.1.0/bin/gfortran -o src/extpar_aot_to_buffer.o -c -Imod -Jmod -Ibundled/cdi/src  -I/hpc/sw/netcdf4/4.7.3/x86/gnu-9.1.0/include  -cpp -Wall -pedantic -fbacktrace -O3 -g -fopenmp -ffree-line-length-256   /hpc/uhome/jhelmert/EXTPAR_GIT/extpar/src/extpar_aot_to_buffer.f90
/hpc/sw/gnu/gcc/9.1.0/bin/gfortran -o bin/extpar_aot_to_buffer.exe -Imod -Jmod -Ibundled/cdi/src  -I/hpc/sw/netcdf4/4.7.3/x86/gnu-9.1.0/include  -cpp -Wall -pedantic -fbacktrace -O3 -g -fopenmp -ffree-line-length-256  -L/hpc/sw/netcdf4/4.7.3/x86/gnu-9.1.0/lib  -pthread -Wl,-rpath -Wl,/hpc/sw/netcdf4/4.7.3/x86/gnu-9.1.0/lib -Wl,-rpath -Wl,/hpc/sw/hdf5/1.10.5/x86/intel/lib -Wl,-rpath -Wl,/hpc/sw/netcdf4/4.7.3/x86/intel/lib src/extpar_aot_to_buffer.o src/mo_agg_aot.o src/mo_bilinterpol.o src/mo_search_ll_grid.o src/mo_target_grid_routines.o src/mo_icon_grid_routines.o src/mo_additional_geometry.o src/mo_icon_grid_data.o src/mo_icon_domain.o src/mo_base_geometry.o src/mo_math_constants.o src/mo_read_extpar_namelists.o /hpc/uhome/jhelmert/EXTPAR_GIT/extpar/build/src/info_extpar.o src/mo_cosmo_grid.o src/mo_target_grid_data.o src/mo_aot_output_nc.o src/mo_var_meta_data.o src/mo_aot_data.o src/mo_aot_target_fields.o src/mo_utilities_extpar.o src/mo_topo_data.o src/mo_topo_tg_fields.o src/mo_array_cache.o src/mo_util_mmap_cache.o src/util_mmap_cache.o src/mo_soil_data.o src/mo_grid_structures.o src/mo_python_data.o src/mo_io_utilities.o src/mo_logging.o src/mo_io_units.o src/mo_physical_constants.o src/mo_kind.o bundled/cdi/src/.libs/libcdi_f2003.a bundled/cdi/src/.libs/libcdi.a -L/hpc/sw/netcdf4/4.7.3/x86/gnu-9.1.0/lib -Wl,-rpath -Wl,/hpc/sw/netcdf4/4.7.3/x86/gnu-9.1.0/lib -lnetcdff  -lnetcdf  -lm  -luuid -L/hpc/sw/hdf5/1.10.5/x86/intel/lib -L/hpc/sw/netcdf4/4.7.3/x86/intel/lib -lnetcdf -lnetcdff -lhdf5_hl -lhdf5
/hpc/sw/gnu/gcc/9.1.0/bin/gfortran -o src/mo_flake_tg_fields.o -c -Imod -Jmod -Ibundled/cdi/src  -I/hpc/sw/netcdf4/4.7.3/x86/gnu-9.1.0/include  -cpp -Wall -pedantic -fbacktrace -O3 -g -fopenmp -ffree-line-length-256   /hpc/uhome/jhelmert/EXTPAR_GIT/extpar/src/mo_flake_tg_fields.f90
/hpc/sw/gnu/gcc/9.1.0/bin/gfortran -o src/mo_flake_output_nc.o -c -Imod -Jmod -Ibundled/cdi/src  -I/hpc/sw/netcdf4/4.7.3/x86/gnu-9.1.0/include  -cpp -Wall -pedantic -fbacktrace -O3 -g -fopenmp -ffree-line-length-256   /hpc/uhome/jhelmert/EXTPAR_GIT/extpar/src/mo_flake_output_nc.f90
/hpc/sw/gnu/gcc/9.1.0/bin/gfortran -o src/mo_topo_routines.o -c -Imod -Jmod -Ibundled/cdi/src  -I/hpc/sw/netcdf4/4.7.3/x86/gnu-9.1.0/include  -cpp -Wall -pedantic -fbacktrace -O3 -g -fopenmp -ffree-line-length-256   /hpc/uhome/jhelmert/EXTPAR_GIT/extpar/src/mo_topo_routines.f90
/hpc/sw/gnu/gcc/9.1.0/bin/gfortran -o src/mo_landuse_tg_fields.o -c -Imod -Jmod -Ibundled/cdi/src  -I/hpc/sw/netcdf4/4.7.3/x86/gnu-9.1.0/include  -cpp -Wall -pedantic -fbacktrace -O3 -g -fopenmp -ffree-line-length-256   /hpc/uhome/jhelmert/EXTPAR_GIT/extpar/src/mo_landuse_tg_fields.f90
/hpc/sw/gnu/gcc/9.1.0/bin/gfortran -o src/mo_flake_data.o -c -Imod -Jmod -Ibundled/cdi/src  -I/hpc/sw/netcdf4/4.7.3/x86/gnu-9.1.0/include  -cpp -Wall -pedantic -fbacktrace -O3 -g -fopenmp -ffree-line-length-256   /hpc/uhome/jhelmert/EXTPAR_GIT/extpar/src/mo_flake_data.f90
/hpc/sw/gnu/gcc/9.1.0/bin/gfortran -o src/mo_oro_filter.o -c -Imod -Jmod -Ibundled/cdi/src  -I/hpc/sw/netcdf4/4.7.3/x86/gnu-9.1.0/include  -cpp -Wall -pedantic -fbacktrace -O3 -g -fopenmp -ffree-line-length-256   /hpc/uhome/jhelmert/EXTPAR_GIT/extpar/src/mo_oro_filter.f90
/hpc/sw/gnu/gcc/9.1.0/bin/gfortran -o src/mo_search_icongrid.o -c -Imod -Jmod -Ibundled/cdi/src  -I/hpc/sw/netcdf4/4.7.3/x86/gnu-9.1.0/include  -cpp -Wall -pedantic -fbacktrace -O3 -g -fopenmp -ffree-line-length-256   /hpc/uhome/jhelmert/EXTPAR_GIT/extpar/src/mo_search_icongrid.f90
/hpc/sw/gnu/gcc/9.1.0/bin/gfortran -o src/mo_lradtopo.o -c -Imod -Jmod -Ibundled/cdi/src  -I/hpc/sw/netcdf4/4.7.3/x86/gnu-9.1.0/include  -cpp -Wall -pedantic -fbacktrace -O3 -g -fopenmp -ffree-line-length-256   /hpc/uhome/jhelmert/EXTPAR_GIT/extpar/src/mo_lradtopo.f90
/hpc/sw/gnu/gcc/9.1.0/bin/gfortran -o src/mo_search_target_grid.o -c -Imod -Jmod -Ibundled/cdi/src  -I/hpc/sw/netcdf4/4.7.3/x86/gnu-9.1.0/include  -cpp -Wall -pedantic -fbacktrace -O3 -g -fopenmp -ffree-line-length-256   /hpc/uhome/jhelmert/EXTPAR_GIT/extpar/src/mo_search_target_grid.f90
/hpc/sw/gnu/gcc/9.1.0/bin/gfortran -o src/mo_globcover_lookup_tables.o -c -Imod -Jmod -Ibundled/cdi/src  -I/hpc/sw/netcdf4/4.7.3/x86/gnu-9.1.0/include  -cpp -Wall -pedantic -fbacktrace -O3 -g -fopenmp -ffree-line-length-256   /hpc/uhome/jhelmert/EXTPAR_GIT/extpar/src/mo_globcover_lookup_tables.f90
/hpc/sw/gnu/gcc/9.1.0/bin/gfortran -o src/mo_python_output_nc.o -c -Imod -Jmod -Ibundled/cdi/src  -I/hpc/sw/netcdf4/4.7.3/x86/gnu-9.1.0/include  -cpp -Wall -pedantic -fbacktrace -O3 -g -fopenmp -ffree-line-length-256   /hpc/uhome/jhelmert/EXTPAR_GIT/extpar/src/mo_python_output_nc.f90
/hpc/sw/gnu/gcc/9.1.0/bin/gfortran -o src/mo_soil_routines.o -c -Imod -Jmod -Ibundled/cdi/src  -I/hpc/sw/netcdf4/4.7.3/x86/gnu-9.1.0/include  -cpp -Wall -pedantic -fbacktrace -O3 -g -fopenmp -ffree-line-length-256   /hpc/uhome/jhelmert/EXTPAR_GIT/extpar/src/mo_soil_routines.f90
/hpc/sw/gnu/gcc/9.1.0/bin/gfortran -o src/mo_glc2000_lookup_tables.o -c -Imod -Jmod -Ibundled/cdi/src  -I/hpc/sw/netcdf4/4.7.3/x86/gnu-9.1.0/include  -cpp -Wall -pedantic -fbacktrace -O3 -g -fopenmp -ffree-line-length-256   /hpc/uhome/jhelmert/EXTPAR_GIT/extpar/src/mo_glc2000_lookup_tables.f90
/hpc/sw/gnu/gcc/9.1.0/bin/gfortran -o src/mo_ecoclimap_lookup_tables.o -c -Imod -Jmod -Ibundled/cdi/src  -I/hpc/sw/netcdf4/4.7.3/x86/gnu-9.1.0/include  -cpp -Wall -pedantic -fbacktrace -O3 -g -fopenmp -ffree-line-length-256   /hpc/uhome/jhelmert/EXTPAR_GIT/extpar/src/mo_ecoclimap_lookup_tables.f90
/hpc/sw/gnu/gcc/9.1.0/bin/gfortran -o src/mo_glcc_lookup_tables.o -c -Imod -Jmod -Ibundled/cdi/src  -I/hpc/sw/netcdf4/4.7.3/x86/gnu-9.1.0/include  -cpp -Wall -pedantic -fbacktrace -O3 -g -fopenmp -ffree-line-length-256   /hpc/uhome/jhelmert/EXTPAR_GIT/extpar/src/mo_glcc_lookup_tables.f90
/hpc/sw/gnu/gcc/9.1.0/bin/gfortran -o src/mo_landuse_output_nc.o -c -Imod -Jmod -Ibundled/cdi/src  -I/hpc/sw/netcdf4/4.7.3/x86/gnu-9.1.0/include  -cpp -Wall -pedantic -fbacktrace -O3 -g -fopenmp -ffree-line-length-256   /hpc/uhome/jhelmert/EXTPAR_GIT/extpar/src/mo_landuse_output_nc.f90
/hpc/sw/gnu/gcc/9.1.0/bin/gfortran -o src/mo_soil_output_nc.o -c -Imod -Jmod -Ibundled/cdi/src  -I/hpc/sw/netcdf4/4.7.3/x86/gnu-9.1.0/include  -cpp -Wall -pedantic -fbacktrace -O3 -g -fopenmp -ffree-line-length-256   /hpc/uhome/jhelmert/EXTPAR_GIT/extpar/src/mo_soil_output_nc.f90
/hpc/sw/gnu/gcc/9.1.0/bin/gfortran -o src/mo_soil_tg_fields.o -c -Imod -Jmod -Ibundled/cdi/src  -I/hpc/sw/netcdf4/4.7.3/x86/gnu-9.1.0/include  -cpp -Wall -pedantic -fbacktrace -O3 -g -fopenmp -ffree-line-length-256   /hpc/uhome/jhelmert/EXTPAR_GIT/extpar/src/mo_soil_tg_fields.f90
/hpc/sw/gnu/gcc/9.1.0/bin/gfortran -o src/mo_soil_consistency.o -c -Imod -Jmod -Ibundled/cdi/src  -I/hpc/sw/netcdf4/4.7.3/x86/gnu-9.1.0/include  -cpp -Wall -pedantic -fbacktrace -O3 -g -fopenmp -ffree-line-length-256   /hpc/uhome/jhelmert/EXTPAR_GIT/extpar/src/mo_soil_consistency.f90
/hpc/sw/gnu/gcc/9.1.0/bin/gfortran -o src/mo_flake_routines.o -c -Imod -Jmod -Ibundled/cdi/src  -I/hpc/sw/netcdf4/4.7.3/x86/gnu-9.1.0/include  -cpp -Wall -pedantic -fbacktrace -O3 -g -fopenmp -ffree-line-length-256   /hpc/uhome/jhelmert/EXTPAR_GIT/extpar/src/mo_flake_routines.f90
/hpc/sw/gnu/gcc/9.1.0/bin/gfortran -o src/mo_globcover_data.o -c -Imod -Jmod -Ibundled/cdi/src  -I/hpc/sw/netcdf4/4.7.3/x86/gnu-9.1.0/include  -cpp -Wall -pedantic -fbacktrace -O3 -g -fopenmp -ffree-line-length-256   /hpc/uhome/jhelmert/EXTPAR_GIT/extpar/src/mo_globcover_data.f90
/hpc/sw/gnu/gcc/9.1.0/bin/gfortran -o src/mo_ecci_lookup_tables.o -c -Imod -Jmod -Ibundled/cdi/src  -I/hpc/sw/netcdf4/4.7.3/x86/gnu-9.1.0/include  -cpp -Wall -pedantic -fbacktrace -O3 -g -fopenmp -ffree-line-length-256   /hpc/uhome/jhelmert/EXTPAR_GIT/extpar/src/mo_ecci_lookup_tables.f90
/hpc/sw/gnu/gcc/9.1.0/bin/gfortran -o src/mo_ecci_data.o -c -Imod -Jmod -Ibundled/cdi/src  -I/hpc/sw/netcdf4/4.7.3/x86/gnu-9.1.0/include  -cpp -Wall -pedantic -fbacktrace -O3 -g -fopenmp -ffree-line-length-256   /hpc/uhome/jhelmert/EXTPAR_GIT/extpar/src/mo_ecci_data.f90
/hpc/sw/gnu/gcc/9.1.0/bin/gfortran -o src/mo_landuse_routines.o -c -Imod -Jmod -Ibundled/cdi/src  -I/hpc/sw/netcdf4/4.7.3/x86/gnu-9.1.0/include  -cpp -Wall -pedantic -fbacktrace -O3 -g -fopenmp -ffree-line-length-256   /hpc/uhome/jhelmert/EXTPAR_GIT/extpar/src/mo_landuse_routines.f90
/hpc/sw/gnu/gcc/9.1.0/bin/gfortran -o src/mo_python_tg_fields.o -c -Imod -Jmod -Ibundled/cdi/src  -I/hpc/sw/netcdf4/4.7.3/x86/gnu-9.1.0/include  -cpp -Wall -pedantic -fbacktrace -O3 -g -fopenmp -ffree-line-length-256   /hpc/uhome/jhelmert/EXTPAR_GIT/extpar/src/mo_python_tg_fields.f90
/hpc/sw/gnu/gcc/9.1.0/bin/gfortran -o src/mo_python_routines.o -c -Imod -Jmod -Ibundled/cdi/src  -I/hpc/sw/netcdf4/4.7.3/x86/gnu-9.1.0/include  -cpp -Wall -pedantic -fbacktrace -O3 -g -fopenmp -ffree-line-length-256   /hpc/uhome/jhelmert/EXTPAR_GIT/extpar/src/mo_python_routines.f90
/hpc/sw/gnu/gcc/9.1.0/bin/gfortran -o src/mo_glcc_tg_fields.o -c -Imod -Jmod -Ibundled/cdi/src  -I/hpc/sw/netcdf4/4.7.3/x86/gnu-9.1.0/include  -cpp -Wall -pedantic -fbacktrace -O3 -g -fopenmp -ffree-line-length-256   /hpc/uhome/jhelmert/EXTPAR_GIT/extpar/src/mo_glcc_tg_fields.f90
/hpc/sw/gnu/gcc/9.1.0/bin/gfortran -o src/mo_ecoclimap_data.o -c -Imod -Jmod -Ibundled/cdi/src  -I/hpc/sw/netcdf4/4.7.3/x86/gnu-9.1.0/include  -cpp -Wall -pedantic -fbacktrace -O3 -g -fopenmp -ffree-line-length-256   /hpc/uhome/jhelmert/EXTPAR_GIT/extpar/src/mo_ecoclimap_data.f90
/hpc/sw/gnu/gcc/9.1.0/bin/gfortran -o src/mo_extpar_output_nc.o -c -Imod -Jmod -Ibundled/cdi/src  -I/hpc/sw/netcdf4/4.7.3/x86/gnu-9.1.0/include  -cpp -Wall -pedantic -fbacktrace -O3 -g -fopenmp -ffree-line-length-256   /hpc/uhome/jhelmert/EXTPAR_GIT/extpar/src/mo_extpar_output_nc.f90
/hpc/sw/gnu/gcc/9.1.0/bin/gfortran -o src/mo_lsm_output_nc.o -c -Imod -Jmod -Ibundled/cdi/src  -I/hpc/sw/netcdf4/4.7.3/x86/gnu-9.1.0/include  -cpp -Wall -pedantic -fbacktrace -O3 -g -fopenmp -ffree-line-length-256   /hpc/uhome/jhelmert/EXTPAR_GIT/extpar/src/mo_lsm_output_nc.f90
/hpc/sw/gnu/gcc/9.1.0/bin/gfortran -o src/mo_topo_output_nc.o -c -Imod -Jmod -Ibundled/cdi/src  -I/hpc/sw/netcdf4/4.7.3/x86/gnu-9.1.0/include  -cpp -Wall -pedantic -fbacktrace -O3 -g -fopenmp -ffree-line-length-256   /hpc/uhome/jhelmert/EXTPAR_GIT/extpar/src/mo_topo_output_nc.f90
/hpc/sw/gnu/gcc/9.1.0/bin/gfortran -o src/extpar_consistency_check.o -c -Imod -Jmod -Ibundled/cdi/src  -I/hpc/sw/netcdf4/4.7.3/x86/gnu-9.1.0/include  -cpp -Wall -pedantic -fbacktrace -O3 -g -fopenmp -ffree-line-length-256   /hpc/uhome/jhelmert/EXTPAR_GIT/extpar/src/extpar_consistency_check.f90
/hpc/sw/gnu/gcc/9.1.0/bin/gfortran -o bin/extpar_consistency_check.exe -Imod -Jmod -Ibundled/cdi/src  -I/hpc/sw/netcdf4/4.7.3/x86/gnu-9.1.0/include  -cpp -Wall -pedantic -fbacktrace -O3 -g -fopenmp -ffree-line-length-256  -L/hpc/sw/netcdf4/4.7.3/x86/gnu-9.1.0/lib  -pthread -Wl,-rpath -Wl,/hpc/sw/netcdf4/4.7.3/x86/gnu-9.1.0/lib -Wl,-rpath -Wl,/hpc/sw/hdf5/1.10.5/x86/intel/lib -Wl,-rpath -Wl,/hpc/sw/netcdf4/4.7.3/x86/intel/lib src/extpar_consistency_check.o src/mo_topo_output_nc.o src/mo_lsm_output_nc.o src/mo_extpar_output_nc.o src/mo_ecoclimap_data.o src/mo_glcc_tg_fields.o src/mo_python_routines.o src/mo_python_tg_fields.o src/mo_bilinterpol.o src/mo_landuse_routines.o src/mo_ecci_data.o src/mo_ecci_lookup_tables.o src/mo_globcover_data.o src/mo_flake_routines.o src/mo_soil_consistency.o src/mo_soil_tg_fields.o src/mo_soil_output_nc.o src/mo_landuse_output_nc.o src/mo_glcc_lookup_tables.o src/mo_ecoclimap_lookup_tables.o src/mo_glc2000_lookup_tables.o src/mo_soil_routines.o src/mo_python_output_nc.o src/mo_globcover_lookup_tables.o src/mo_search_target_grid.o src/mo_search_ll_grid.o src/mo_lradtopo.o src/mo_search_icongrid.o src/mo_oro_filter.o src/mo_aot_output_nc.o src/mo_flake_data.o src/mo_target_grid_routines.o src/mo_icon_grid_routines.o src/mo_additional_geometry.o src/mo_icon_grid_data.o src/mo_icon_domain.o src/mo_read_extpar_namelists.o /hpc/uhome/jhelmert/EXTPAR_GIT/extpar/build/src/info_extpar.o src/mo_landuse_tg_fields.o src/mo_cosmo_grid.o src/mo_target_grid_data.o src/mo_topo_routines.o src/mo_base_geometry.o src/mo_math_constants.o src/mo_flake_output_nc.o src/mo_var_meta_data.o src/mo_aot_data.o src/mo_aot_target_fields.o src/mo_utilities_extpar.o src/mo_topo_data.o src/mo_topo_tg_fields.o src/mo_soil_data.o src/mo_python_data.o src/mo_io_utilities.o src/mo_physical_constants.o src/mo_flake_tg_fields.o src/mo_array_cache.o src/mo_util_mmap_cache.o src/util_mmap_cache.o src/mo_grid_structures.o src/mo_kind.o src/mo_logging.o src/mo_io_units.o bundled/cdi/src/.libs/libcdi_f2003.a bundled/cdi/src/.libs/libcdi.a -L/hpc/sw/netcdf4/4.7.3/x86/gnu-9.1.0/lib -Wl,-rpath -Wl,/hpc/sw/netcdf4/4.7.3/x86/gnu-9.1.0/lib -lnetcdff  -lnetcdf  -lm  -luuid -L/hpc/sw/hdf5/1.10.5/x86/intel/lib -L/hpc/sw/netcdf4/4.7.3/x86/intel/lib -lnetcdf -lnetcdff -lhdf5_hl -lhdf5
/hpc/sw/gnu/gcc/9.1.0/bin/gfortran -o src/mo_agg_flake.o -c -Imod -Jmod -Ibundled/cdi/src  -I/hpc/sw/netcdf4/4.7.3/x86/gnu-9.1.0/include  -cpp -Wall -pedantic -fbacktrace -O3 -g -fopenmp -ffree-line-length-256   /hpc/uhome/jhelmert/EXTPAR_GIT/extpar/src/mo_agg_flake.f90
/hpc/sw/gnu/gcc/9.1.0/bin/gfortran -o src/extpar_flake_to_buffer.o -c -Imod -Jmod -Ibundled/cdi/src  -I/hpc/sw/netcdf4/4.7.3/x86/gnu-9.1.0/include  -cpp -Wall -pedantic -fbacktrace -O3 -g -fopenmp -ffree-line-length-256   /hpc/uhome/jhelmert/EXTPAR_GIT/extpar/src/extpar_flake_to_buffer.f90
/hpc/sw/gnu/gcc/9.1.0/bin/gfortran -o bin/extpar_flake_to_buffer.exe -Imod -Jmod -Ibundled/cdi/src  -I/hpc/sw/netcdf4/4.7.3/x86/gnu-9.1.0/include  -cpp -Wall -pedantic -fbacktrace -O3 -g -fopenmp -ffree-line-length-256  -L/hpc/sw/netcdf4/4.7.3/x86/gnu-9.1.0/lib  -pthread -Wl,-rpath -Wl,/hpc/sw/netcdf4/4.7.3/x86/gnu-9.1.0/lib -Wl,-rpath -Wl,/hpc/sw/hdf5/1.10.5/x86/intel/lib -Wl,-rpath -Wl,/hpc/sw/netcdf4/4.7.3/x86/intel/lib src/extpar_flake_to_buffer.o src/mo_agg_flake.o src/mo_search_target_grid.o src/mo_search_icongrid.o src/mo_search_ll_grid.o src/mo_flake_data.o src/mo_flake_routines.o src/mo_target_grid_routines.o src/mo_icon_grid_routines.o src/mo_additional_geometry.o src/mo_icon_grid_data.o src/mo_icon_domain.o src/mo_base_geometry.o src/mo_math_constants.o src/mo_read_extpar_namelists.o /hpc/uhome/jhelmert/EXTPAR_GIT/extpar/build/src/info_extpar.o src/mo_cosmo_grid.o src/mo_target_grid_data.o src/mo_flake_output_nc.o src/mo_var_meta_data.o src/mo_aot_data.o src/mo_aot_target_fields.o src/mo_utilities_extpar.o src/mo_topo_data.o src/mo_topo_tg_fields.o src/mo_soil_data.o src/mo_python_data.o src/mo_io_utilities.o src/mo_physical_constants.o src/mo_flake_tg_fields.o src/mo_array_cache.o src/mo_util_mmap_cache.o src/util_mmap_cache.o src/mo_grid_structures.o src/mo_kind.o src/mo_logging.o src/mo_io_units.o bundled/cdi/src/.libs/libcdi_f2003.a bundled/cdi/src/.libs/libcdi.a -L/hpc/sw/netcdf4/4.7.3/x86/gnu-9.1.0/lib -Wl,-rpath -Wl,/hpc/sw/netcdf4/4.7.3/x86/gnu-9.1.0/lib -lnetcdff  -lnetcdf  -lm  -luuid -L/hpc/sw/hdf5/1.10.5/x86/intel/lib -L/hpc/sw/netcdf4/4.7.3/x86/intel/lib -lnetcdf -lnetcdff -lhdf5_hl -lhdf5
/hpc/sw/gnu/gcc/9.1.0/bin/gfortran -o src/mo_glcc_data.o -c -Imod -Jmod -Ibundled/cdi/src  -I/hpc/sw/netcdf4/4.7.3/x86/gnu-9.1.0/include  -cpp -Wall -pedantic -fbacktrace -O3 -g -fopenmp -ffree-line-length-256   /hpc/uhome/jhelmert/EXTPAR_GIT/extpar/src/mo_glcc_data.f90
/hpc/sw/gnu/gcc/9.1.0/bin/gfortran -o src/mo_agg_glcc.o -c -Imod -Jmod -Ibundled/cdi/src  -I/hpc/sw/netcdf4/4.7.3/x86/gnu-9.1.0/include  -cpp -Wall -pedantic -fbacktrace -O3 -g -fopenmp -ffree-line-length-256   /hpc/uhome/jhelmert/EXTPAR_GIT/extpar/src/mo_agg_glcc.f90
/hpc/sw/gnu/gcc/9.1.0/bin/gfortran -o src/mo_agg_ecoclimap.o -c -Imod -Jmod -Ibundled/cdi/src  -I/hpc/sw/netcdf4/4.7.3/x86/gnu-9.1.0/include  -cpp -Wall -pedantic -fbacktrace -O3 -g -fopenmp -ffree-line-length-256   /hpc/uhome/jhelmert/EXTPAR_GIT/extpar/src/mo_agg_ecoclimap.f90
/hpc/sw/gnu/gcc/9.1.0/bin/gfortran -o src/mo_glc2000_data.o -c -Imod -Jmod -Ibundled/cdi/src  -I/hpc/sw/netcdf4/4.7.3/x86/gnu-9.1.0/include  -cpp -Wall -pedantic -fbacktrace -O3 -g -fopenmp -ffree-line-length-256   /hpc/uhome/jhelmert/EXTPAR_GIT/extpar/src/mo_glc2000_data.f90
/hpc/sw/gnu/gcc/9.1.0/bin/gfortran -o src/mo_agg_ecci.o -c -Imod -Jmod -Ibundled/cdi/src  -I/hpc/sw/netcdf4/4.7.3/x86/gnu-9.1.0/include  -cpp -Wall -pedantic -fbacktrace -O3 -g -fopenmp -ffree-line-length-256   /hpc/uhome/jhelmert/EXTPAR_GIT/extpar/src/mo_agg_ecci.f90
/hpc/sw/gnu/gcc/9.1.0/bin/gfortran -o src/mo_agg_globcover.o -c -Imod -Jmod -Ibundled/cdi/src  -I/hpc/sw/netcdf4/4.7.3/x86/gnu-9.1.0/include  -cpp -Wall -pedantic -fbacktrace -O3 -g -fopenmp -ffree-line-length-256   /hpc/uhome/jhelmert/EXTPAR_GIT/extpar/src/mo_agg_globcover.f90
/hpc/sw/gnu/gcc/9.1.0/bin/gfortran -o src/mo_agg_glc2000.o -c -Imod -Jmod -Ibundled/cdi/src  -I/hpc/sw/netcdf4/4.7.3/x86/gnu-9.1.0/include  -cpp -Wall -pedantic -fbacktrace -O3 -g -fopenmp -ffree-line-length-256   /hpc/uhome/jhelmert/EXTPAR_GIT/extpar/src/mo_agg_glc2000.f90
/hpc/sw/gnu/gcc/9.1.0/bin/gfortran -o src/extpar_landuse_to_buffer.o -c -Imod -Jmod -Ibundled/cdi/src  -I/hpc/sw/netcdf4/4.7.3/x86/gnu-9.1.0/include  -cpp -Wall -pedantic -fbacktrace -O3 -g -fopenmp -ffree-line-length-256   /hpc/uhome/jhelmert/EXTPAR_GIT/extpar/src/extpar_landuse_to_buffer.f90
/hpc/sw/gnu/gcc/9.1.0/bin/gfortran -o bin/extpar_landuse_to_buffer.exe -Imod -Jmod -Ibundled/cdi/src  -I/hpc/sw/netcdf4/4.7.3/x86/gnu-9.1.0/include  -cpp -Wall -pedantic -fbacktrace -O3 -g -fopenmp -ffree-line-length-256  -L/hpc/sw/netcdf4/4.7.3/x86/gnu-9.1.0/lib  -pthread -Wl,-rpath -Wl,/hpc/sw/netcdf4/4.7.3/x86/gnu-9.1.0/lib -Wl,-rpath -Wl,/hpc/sw/hdf5/1.10.5/x86/intel/lib -Wl,-rpath -Wl,/hpc/sw/netcdf4/4.7.3/x86/intel/lib src/extpar_landuse_to_buffer.o src/mo_agg_glc2000.o src/mo_agg_globcover.o src/mo_landuse_output_nc.o src/mo_glc2000_lookup_tables.o src/mo_var_meta_data.o src/mo_aot_data.o src/mo_aot_target_fields.o src/mo_topo_data.o src/mo_topo_tg_fields.o src/mo_soil_data.o src/mo_python_data.o src/mo_agg_ecci.o src/mo_landuse_routines.o src/mo_globcover_data.o src/mo_ecci_lookup_tables.o src/mo_globcover_lookup_tables.o src/mo_ecci_data.o src/mo_glc2000_data.o src/mo_agg_ecoclimap.o src/mo_ecoclimap_lookup_tables.o src/mo_ecoclimap_data.o src/mo_target_grid_routines.o src/mo_icon_grid_routines.o src/mo_read_extpar_namelists.o /hpc/uhome/jhelmert/EXTPAR_GIT/extpar/build/src/info_extpar.o src/mo_landuse_tg_fields.o src/mo_agg_glcc.o src/mo_glcc_data.o src/mo_glcc_tg_fields.o src/mo_glcc_lookup_tables.o src/mo_array_cache.o src/mo_util_mmap_cache.o src/util_mmap_cache.o src/mo_io_utilities.o src/mo_physical_constants.o src/mo_search_target_grid.o src/mo_icon_grid_data.o src/mo_cosmo_grid.o src/mo_target_grid_data.o src/mo_search_icongrid.o src/mo_icon_domain.o src/mo_additional_geometry.o src/mo_base_geometry.o src/mo_math_constants.o src/mo_search_ll_grid.o src/mo_grid_structures.o src/mo_utilities_extpar.o src/mo_logging.o src/mo_io_units.o src/mo_kind.o bundled/cdi/src/.libs/libcdi_f2003.a bundled/cdi/src/.libs/libcdi.a -L/hpc/sw/netcdf4/4.7.3/x86/gnu-9.1.0/lib -Wl,-rpath -Wl,/hpc/sw/netcdf4/4.7.3/x86/gnu-9.1.0/lib -lnetcdff  -lnetcdf  -lm  -luuid -L/hpc/sw/hdf5/1.10.5/x86/intel/lib -L/hpc/sw/netcdf4/4.7.3/x86/intel/lib -lnetcdf -lnetcdff -lhdf5_hl -lhdf5
/hpc/sw/gnu/gcc/9.1.0/bin/gfortran -o src/mo_agg_soil.o -c -Imod -Jmod -Ibundled/cdi/src  -I/hpc/sw/netcdf4/4.7.3/x86/gnu-9.1.0/include  -cpp -Wall -pedantic -fbacktrace -O3 -g -fopenmp -ffree-line-length-256   /hpc/uhome/jhelmert/EXTPAR_GIT/extpar/src/mo_agg_soil.f90
/hpc/sw/gnu/gcc/9.1.0/bin/gfortran -o src/extpar_soil_to_buffer.o -c -Imod -Jmod -Ibundled/cdi/src  -I/hpc/sw/netcdf4/4.7.3/x86/gnu-9.1.0/include  -cpp -Wall -pedantic -fbacktrace -O3 -g -fopenmp -ffree-line-length-256   /hpc/uhome/jhelmert/EXTPAR_GIT/extpar/src/extpar_soil_to_buffer.f90
/hpc/sw/gnu/gcc/9.1.0/bin/gfortran -o bin/extpar_soil_to_buffer.exe -Imod -Jmod -Ibundled/cdi/src  -I/hpc/sw/netcdf4/4.7.3/x86/gnu-9.1.0/include  -cpp -Wall -pedantic -fbacktrace -O3 -g -fopenmp -ffree-line-length-256  -L/hpc/sw/netcdf4/4.7.3/x86/gnu-9.1.0/lib  -pthread -Wl,-rpath -Wl,/hpc/sw/netcdf4/4.7.3/x86/gnu-9.1.0/lib -Wl,-rpath -Wl,/hpc/sw/hdf5/1.10.5/x86/intel/lib -Wl,-rpath -Wl,/hpc/sw/netcdf4/4.7.3/x86/intel/lib src/extpar_soil_to_buffer.o src/mo_target_grid_routines.o src/mo_icon_grid_routines.o src/mo_read_extpar_namelists.o /hpc/uhome/jhelmert/EXTPAR_GIT/extpar/build/src/info_extpar.o src/mo_agg_soil.o src/mo_search_target_grid.o src/mo_icon_grid_data.o src/mo_cosmo_grid.o src/mo_target_grid_data.o src/mo_search_icongrid.o src/mo_icon_domain.o src/mo_additional_geometry.o src/mo_base_geometry.o src/mo_math_constants.o src/mo_search_ll_grid.o src/mo_soil_routines.o src/mo_soil_tg_fields.o src/mo_soil_output_nc.o src/mo_var_meta_data.o src/mo_aot_data.o src/mo_aot_target_fields.o src/mo_utilities_extpar.o src/mo_topo_data.o src/mo_topo_tg_fields.o src/mo_array_cache.o src/mo_util_mmap_cache.o src/util_mmap_cache.o src/mo_soil_data.o src/mo_grid_structures.o src/mo_python_data.o src/mo_io_utilities.o src/mo_logging.o src/mo_io_units.o src/mo_physical_constants.o src/mo_kind.o bundled/cdi/src/.libs/libcdi_f2003.a bundled/cdi/src/.libs/libcdi.a -L/hpc/sw/netcdf4/4.7.3/x86/gnu-9.1.0/lib -Wl,-rpath -Wl,/hpc/sw/netcdf4/4.7.3/x86/gnu-9.1.0/lib -lnetcdff  -lnetcdf  -lm  -luuid -L/hpc/sw/hdf5/1.10.5/x86/intel/lib -L/hpc/sw/netcdf4/4.7.3/x86/intel/lib -lnetcdf -lnetcdff -lhdf5_hl -lhdf5
/hpc/sw/gnu/gcc/9.1.0/bin/gfortran -o src/mo_preproc_for_sgsl.o -c -Imod -Jmod -Ibundled/cdi/src  -I/hpc/sw/netcdf4/4.7.3/x86/gnu-9.1.0/include  -cpp -Wall -pedantic -fbacktrace -O3 -g -fopenmp -ffree-line-length-256   /hpc/uhome/jhelmert/EXTPAR_GIT/extpar/src/mo_preproc_for_sgsl.f90
/hpc/sw/gnu/gcc/9.1.0/bin/gfortran -o src/mo_sgsl_routines.o -c -Imod -Jmod -Ibundled/cdi/src  -I/hpc/sw/netcdf4/4.7.3/x86/gnu-9.1.0/include  -cpp -Wall -pedantic -fbacktrace -O3 -g -fopenmp -ffree-line-length-256   /hpc/uhome/jhelmert/EXTPAR_GIT/extpar/src/mo_sgsl_routines.f90
/hpc/sw/gnu/gcc/9.1.0/bin/gfortran -o src/mo_agg_sgsl.o -c -Imod -Jmod -Ibundled/cdi/src  -I/hpc/sw/netcdf4/4.7.3/x86/gnu-9.1.0/include  -cpp -Wall -pedantic -fbacktrace -O3 -g -fopenmp -ffree-line-length-256   /hpc/uhome/jhelmert/EXTPAR_GIT/extpar/src/mo_agg_sgsl.f90
/hpc/sw/gnu/gcc/9.1.0/bin/gfortran -o src/mo_topo_sso.o -c -Imod -Jmod -Ibundled/cdi/src  -I/hpc/sw/netcdf4/4.7.3/x86/gnu-9.1.0/include  -cpp -Wall -pedantic -fbacktrace -O3 -g -fopenmp -ffree-line-length-256   /hpc/uhome/jhelmert/EXTPAR_GIT/extpar/src/mo_topo_sso.f90
/hpc/sw/gnu/gcc/9.1.0/bin/gfortran -o src/mo_agg_topo_cosmo.o -c -Imod -Jmod -Ibundled/cdi/src  -I/hpc/sw/netcdf4/4.7.3/x86/gnu-9.1.0/include  -cpp -Wall -pedantic -fbacktrace -O3 -g -fopenmp -ffree-line-length-256   /hpc/uhome/jhelmert/EXTPAR_GIT/extpar/src/mo_agg_topo_cosmo.f90
/hpc/sw/gnu/gcc/9.1.0/bin/gfortran -o src/mo_agg_topo_icon.o -c -Imod -Jmod -Ibundled/cdi/src  -I/hpc/sw/netcdf4/4.7.3/x86/gnu-9.1.0/include  -cpp -Wall -pedantic -fbacktrace -O3 -g -fopenmp -ffree-line-length-256   /hpc/uhome/jhelmert/EXTPAR_GIT/extpar/src/mo_agg_topo_icon.f90
/hpc/sw/gnu/gcc/9.1.0/bin/gfortran -o src/extpar_topo_to_buffer.o -c -Imod -Jmod -Ibundled/cdi/src  -I/hpc/sw/netcdf4/4.7.3/x86/gnu-9.1.0/include  -cpp -Wall -pedantic -fbacktrace -O3 -g -fopenmp -ffree-line-length-256   /hpc/uhome/jhelmert/EXTPAR_GIT/extpar/src/extpar_topo_to_buffer.f90
/hpc/sw/gnu/gcc/9.1.0/bin/gfortran -o bin/extpar_topo_to_buffer.exe -Imod -Jmod -Ibundled/cdi/src  -I/hpc/sw/netcdf4/4.7.3/x86/gnu-9.1.0/include  -cpp -Wall -pedantic -fbacktrace -O3 -g -fopenmp -ffree-line-length-256  -L/hpc/sw/netcdf4/4.7.3/x86/gnu-9.1.0/lib  -pthread -Wl,-rpath -Wl,/hpc/sw/netcdf4/4.7.3/x86/gnu-9.1.0/lib -Wl,-rpath -Wl,/hpc/sw/hdf5/1.10.5/x86/intel/lib -Wl,-rpath -Wl,/hpc/sw/netcdf4/4.7.3/x86/intel/lib src/extpar_topo_to_buffer.o src/mo_agg_topo_icon.o src/mo_topo_output_nc.o src/mo_var_meta_data.o src/mo_aot_data.o src/mo_aot_target_fields.o src/mo_soil_data.o src/mo_python_data.o src/mo_target_grid_routines.o src/mo_icon_grid_routines.o src/mo_read_extpar_namelists.o /hpc/uhome/jhelmert/EXTPAR_GIT/extpar/build/src/info_extpar.o src/mo_lradtopo.o src/mo_agg_topo_cosmo.o src/mo_topo_sso.o src/mo_oro_filter.o src/mo_physical_constants.o src/mo_topo_routines.o src/mo_agg_sgsl.o src/mo_icon_grid_data.o src/mo_cosmo_grid.o src/mo_target_grid_data.o src/mo_bilinterpol.o src/mo_search_ll_grid.o src/mo_utilities_extpar.o src/mo_search_icongrid.o src/mo_icon_domain.o src/mo_additional_geometry.o src/mo_base_geometry.o src/mo_math_constants.o src/mo_sgsl_routines.o src/mo_preproc_for_sgsl.o src/mo_topo_data.o src/mo_io_utilities.o src/mo_topo_tg_fields.o src/mo_array_cache.o src/mo_util_mmap_cache.o src/util_mmap_cache.o src/mo_grid_structures.o src/mo_kind.o src/mo_logging.o src/mo_io_units.o bundled/cdi/src/.libs/libcdi_f2003.a bundled/cdi/src/.libs/libcdi.a -L/hpc/sw/netcdf4/4.7.3/x86/gnu-9.1.0/lib -Wl,-rpath -Wl,/hpc/sw/netcdf4/4.7.3/x86/gnu-9.1.0/lib -lnetcdff  -lnetcdf  -lm  -luuid -L/hpc/sw/hdf5/1.10.5/x86/intel/lib -L/hpc/sw/netcdf4/4.7.3/x86/intel/lib -lnetcdf -lnetcdff -lhdf5_hl -lhdf5
cd bin && ln -s /hpc/uhome/jhelmert/EXTPAR_GIT/extpar/python/extpar_alb_to_buffer.py extpar_alb_to_buffer.py
/hpc/uhome/jhelmert/EXTPAR_GIT/extpar/build/bin
cd bin && ln -s /hpc/uhome/jhelmert/EXTPAR_GIT/extpar/python/extpar_cru_to_buffer.py extpar_cru_to_buffer.py
/hpc/uhome/jhelmert/EXTPAR_GIT/extpar/build/bin
cd bin && ln -s /hpc/uhome/jhelmert/EXTPAR_GIT/extpar/python/extpar_emiss_to_buffer.py extpar_emiss_to_buffer.py
/hpc/uhome/jhelmert/EXTPAR_GIT/extpar/build/bin
cd bin && ln -s /hpc/uhome/jhelmert/EXTPAR_GIT/extpar/python/extpar_era_to_buffer.py extpar_era_to_buffer.py
/hpc/uhome/jhelmert/EXTPAR_GIT/extpar/build/bin
cd bin && ln -s /hpc/uhome/jhelmert/EXTPAR_GIT/extpar/python/extpar_ndvi_to_buffer.py extpar_ndvi_to_buffer.py
/hpc/uhome/jhelmert/EXTPAR_GIT/extpar/build/bin
cd bin && ln -s /hpc/uhome/jhelmert/EXTPAR_GIT/extpar/python/extpar_ahf_to_buffer.py extpar_ahf_to_buffer.py
/hpc/uhome/jhelmert/EXTPAR_GIT/extpar/build/bin
cd bin && ln -s /hpc/uhome/jhelmert/EXTPAR_GIT/extpar/python/extpar_isa_to_buffer.py extpar_isa_to_buffer.py
/hpc/uhome/jhelmert/EXTPAR_GIT/extpar/build/bin
